六月 22, 2017 12:17:07 下午 org.apache.catalina.core.StandardContext setPath
警告: A context path must either be an empty string or start with a '/' and do not end with a '/'. The path [FileSave] does not meet these criteria and has been changed to [/FileSave]
六月 22, 2017 12:17:07 下午 org.apache.catalina.startup.VersionLoggerListener log
信息: Server version:        Apache Tomcat/7.0.63
六月 22, 2017 12:17:07 下午 org.apache.catalina.startup.VersionLoggerListener log
信息: Server built:          Jun 30 2015 08:08:33 UTC
六月 22, 2017 12:17:07 下午 org.apache.catalina.startup.VersionLoggerListener log
信息: Server number:         7.0.63.0
六月 22, 2017 12:17:07 下午 org.apache.catalina.startup.VersionLoggerListener log
信息: OS Name:               Windows 7
六月 22, 2017 12:17:07 下午 org.apache.catalina.startup.VersionLoggerListener log
信息: OS Version:            6.1
六月 22, 2017 12:17:07 下午 org.apache.catalina.startup.VersionLoggerListener log
信息: Architecture:          amd64
六月 22, 2017 12:17:07 下午 org.apache.catalina.startup.VersionLoggerListener log
信息: Java Home:             C:\Program Files\Java\jdk1.7.0_67\jre
六月 22, 2017 12:17:07 下午 org.apache.catalina.startup.VersionLoggerListener log
信息: JVM Version:           1.7.0_67-b01
六月 22, 2017 12:17:07 下午 org.apache.catalina.startup.VersionLoggerListener log
信息: JVM Vendor:            Oracle Corporation
六月 22, 2017 12:17:07 下午 org.apache.catalina.startup.VersionLoggerListener log
信息: CATALINA_BASE:         F:\apache-tomcat-7.0.63-server1
六月 22, 2017 12:17:07 下午 org.apache.catalina.startup.VersionLoggerListener log
信息: CATALINA_HOME:         F:\apache-tomcat-7.0.63-server1
六月 22, 2017 12:17:07 下午 org.apache.catalina.startup.VersionLoggerListener log
信息: Command line argument: -XX:PermSize=64M
六月 22, 2017 12:17:07 下午 org.apache.catalina.startup.VersionLoggerListener log
信息: Command line argument: -XX:MaxPermSize=192M
六月 22, 2017 12:17:07 下午 org.apache.catalina.startup.VersionLoggerListener log
信息: Command line argument: -Djava.util.logging.config.file=F:\apache-tomcat-7.0.63-server1\conf\logging.properties
六月 22, 2017 12:17:07 下午 org.apache.catalina.startup.VersionLoggerListener log
信息: Command line argument: -Djava.util.logging.manager=org.apache.juli.ClassLoaderLogManager
六月 22, 2017 12:17:07 下午 org.apache.catalina.startup.VersionLoggerListener log
信息: Command line argument: -Xms200m
六月 22, 2017 12:17:07 下午 org.apache.catalina.startup.VersionLoggerListener log
信息: Command line argument: -Xmx1000m
六月 22, 2017 12:17:07 下午 org.apache.catalina.startup.VersionLoggerListener log
信息: Command line argument: -Djava.endorsed.dirs=F:\apache-tomcat-7.0.63-server1\endorsed
六月 22, 2017 12:17:07 下午 org.apache.catalina.startup.VersionLoggerListener log
信息: Command line argument: -Dcatalina.base=F:\apache-tomcat-7.0.63-server1
六月 22, 2017 12:17:07 下午 org.apache.catalina.startup.VersionLoggerListener log
信息: Command line argument: -Dcatalina.home=F:\apache-tomcat-7.0.63-server1
六月 22, 2017 12:17:07 下午 org.apache.catalina.startup.VersionLoggerListener log
信息: Command line argument: -Djava.io.tmpdir=F:\apache-tomcat-7.0.63-server1\temp
六月 22, 2017 12:17:07 下午 org.apache.catalina.core.AprLifecycleListener lifecycleEvent
信息: Loaded APR based Apache Tomcat Native library 1.1.33 using APR version 1.5.1.
六月 22, 2017 12:17:07 下午 org.apache.catalina.core.AprLifecycleListener lifecycleEvent
信息: APR capabilities: IPv6 [true], sendfile [true], accept filters [false], random [true].
六月 22, 2017 12:17:08 下午 org.apache.catalina.core.AprLifecycleListener initializeSSL
信息: OpenSSL successfully initialized (OpenSSL 1.0.1m 19 Mar 2015)
六月 22, 2017 12:17:08 下午 org.apache.coyote.AbstractProtocol init
信息: Initializing ProtocolHandler ["http-apr-8081"]
六月 22, 2017 12:17:08 下午 org.apache.coyote.AbstractProtocol init
信息: Initializing ProtocolHandler ["ajp-apr-8029"]
六月 22, 2017 12:17:08 下午 org.apache.catalina.startup.Catalina load
信息: Initialization processed in 2779 ms
六月 22, 2017 12:17:09 下午 org.apache.catalina.core.StandardService startInternal
信息: Starting service Catalina
六月 22, 2017 12:17:09 下午 org.apache.catalina.core.StandardEngine startInternal
信息: Starting Servlet Engine: Apache Tomcat/7.0.63
六月 22, 2017 12:17:10 下午 org.apache.catalina.util.SessionIdGeneratorBase createSecureRandom
信息: Creation of SecureRandom instance for session ID generation using [SHA1PRNG] took [112] milliseconds.
六月 22, 2017 12:17:10 下午 org.apache.catalina.startup.HostConfig deployDirectory
信息: Deploying web application directory F:\apache-tomcat-7.0.63-server1\webapps\docs
六月 22, 2017 12:17:10 下午 org.apache.catalina.startup.HostConfig deployDirectory
信息: Deployment of web application directory F:\apache-tomcat-7.0.63-server1\webapps\docs has finished in 157 ms
六月 22, 2017 12:17:10 下午 org.apache.catalina.startup.HostConfig deployDirectory
信息: Deploying web application directory F:\apache-tomcat-7.0.63-server1\webapps\manager
六月 22, 2017 12:17:10 下午 org.apache.catalina.startup.HostConfig deployDirectory
信息: Deployment of web application directory F:\apache-tomcat-7.0.63-server1\webapps\manager has finished in 99 ms
六月 22, 2017 12:17:10 下午 org.apache.catalina.startup.HostConfig deployDirectory
信息: Deploying web application directory F:\apache-tomcat-7.0.63-server1\webapps\ROOT
六月 22, 2017 12:17:10 下午 org.apache.catalina.startup.HostConfig deployDirectory
信息: Deployment of web application directory F:\apache-tomcat-7.0.63-server1\webapps\ROOT has finished in 72 ms
六月 22, 2017 12:17:10 下午 org.apache.coyote.AbstractProtocol start
信息: Starting ProtocolHandler ["http-apr-8081"]
六月 22, 2017 12:17:10 下午 org.apache.coyote.AbstractProtocol start
信息: Starting ProtocolHandler ["ajp-apr-8029"]
六月 22, 2017 12:17:10 下午 org.apache.catalina.startup.Catalina start
信息: Server startup in 1725 ms
六月 22, 2017 1:27:13 下午 org.apache.catalina.core.StandardContext setPath
警告: A context path must either be an empty string or start with a '/' and do not end with a '/'. The path [FileSave] does not meet these criteria and has been changed to [/FileSave]
六月 22, 2017 1:27:13 下午 org.apache.catalina.startup.VersionLoggerListener log
信息: Server version:        Apache Tomcat/7.0.63
六月 22, 2017 1:27:13 下午 org.apache.catalina.startup.VersionLoggerListener log
信息: Server built:          Jun 30 2015 08:08:33 UTC
六月 22, 2017 1:27:13 下午 org.apache.catalina.startup.VersionLoggerListener log
信息: Server number:         7.0.63.0
六月 22, 2017 1:27:13 下午 org.apache.catalina.startup.VersionLoggerListener log
信息: OS Name:               Windows 7
六月 22, 2017 1:27:13 下午 org.apache.catalina.startup.VersionLoggerListener log
信息: OS Version:            6.1
六月 22, 2017 1:27:13 下午 org.apache.catalina.startup.VersionLoggerListener log
信息: Architecture:          amd64
六月 22, 2017 1:27:13 下午 org.apache.catalina.startup.VersionLoggerListener log
信息: Java Home:             C:\Program Files\Java\jdk1.7.0_67\jre
六月 22, 2017 1:27:13 下午 org.apache.catalina.startup.VersionLoggerListener log
信息: JVM Version:           1.7.0_67-b01
六月 22, 2017 1:27:13 下午 org.apache.catalina.startup.VersionLoggerListener log
信息: JVM Vendor:            Oracle Corporation
六月 22, 2017 1:27:13 下午 org.apache.catalina.startup.VersionLoggerListener log
信息: CATALINA_BASE:         F:\apache-tomcat-7.0.63-server1
六月 22, 2017 1:27:13 下午 org.apache.catalina.startup.VersionLoggerListener log
信息: CATALINA_HOME:         F:\apache-tomcat-7.0.63-server1
六月 22, 2017 1:27:13 下午 org.apache.catalina.startup.VersionLoggerListener log
信息: Command line argument: -XX:PermSize=64M
六月 22, 2017 1:27:13 下午 org.apache.catalina.startup.VersionLoggerListener log
信息: Command line argument: -XX:MaxPermSize=192M
六月 22, 2017 1:27:13 下午 org.apache.catalina.startup.VersionLoggerListener log
信息: Command line argument: -Djava.util.logging.config.file=F:\apache-tomcat-7.0.63-server1\conf\logging.properties
六月 22, 2017 1:27:13 下午 org.apache.catalina.startup.VersionLoggerListener log
信息: Command line argument: -Djava.util.logging.manager=org.apache.juli.ClassLoaderLogManager
六月 22, 2017 1:27:13 下午 org.apache.catalina.startup.VersionLoggerListener log
信息: Command line argument: -Xms200m
六月 22, 2017 1:27:13 下午 org.apache.catalina.startup.VersionLoggerListener log
信息: Command line argument: -Xmx1000m
六月 22, 2017 1:27:13 下午 org.apache.catalina.startup.VersionLoggerListener log
信息: Command line argument: -Djava.endorsed.dirs=F:\apache-tomcat-7.0.63-server1\endorsed
六月 22, 2017 1:27:13 下午 org.apache.catalina.startup.VersionLoggerListener log
信息: Command line argument: -Dcatalina.base=F:\apache-tomcat-7.0.63-server1
六月 22, 2017 1:27:13 下午 org.apache.catalina.startup.VersionLoggerListener log
信息: Command line argument: -Dcatalina.home=F:\apache-tomcat-7.0.63-server1
六月 22, 2017 1:27:13 下午 org.apache.catalina.startup.VersionLoggerListener log
信息: Command line argument: -Djava.io.tmpdir=F:\apache-tomcat-7.0.63-server1\temp
六月 22, 2017 1:27:13 下午 org.apache.catalina.core.AprLifecycleListener lifecycleEvent
信息: Loaded APR based Apache Tomcat Native library 1.1.33 using APR version 1.5.1.
六月 22, 2017 1:27:13 下午 org.apache.catalina.core.AprLifecycleListener lifecycleEvent
信息: APR capabilities: IPv6 [true], sendfile [true], accept filters [false], random [true].
六月 22, 2017 1:27:14 下午 org.apache.catalina.core.AprLifecycleListener initializeSSL
信息: OpenSSL successfully initialized (OpenSSL 1.0.1m 19 Mar 2015)
六月 22, 2017 1:27:14 下午 org.apache.coyote.AbstractProtocol init
信息: Initializing ProtocolHandler ["http-apr-8081"]
六月 22, 2017 1:27:14 下午 org.apache.coyote.AbstractProtocol init
信息: Initializing ProtocolHandler ["ajp-apr-8029"]
六月 22, 2017 1:27:14 下午 org.apache.catalina.startup.Catalina load
信息: Initialization processed in 1881 ms
六月 22, 2017 1:27:14 下午 org.apache.catalina.core.StandardService startInternal
信息: Starting service Catalina
六月 22, 2017 1:27:14 下午 org.apache.catalina.core.StandardEngine startInternal
信息: Starting Servlet Engine: Apache Tomcat/7.0.63
六月 22, 2017 1:27:15 下午 org.apache.catalina.util.SessionIdGeneratorBase createSecureRandom
信息: Creation of SecureRandom instance for session ID generation using [SHA1PRNG] took [113] milliseconds.
六月 22, 2017 1:27:15 下午 org.apache.catalina.startup.HostConfig deployDirectory
信息: Deploying web application directory F:\apache-tomcat-7.0.63-server1\webapps\docs
六月 22, 2017 1:27:15 下午 org.apache.catalina.startup.HostConfig deployDirectory
信息: Deployment of web application directory F:\apache-tomcat-7.0.63-server1\webapps\docs has finished in 100 ms
六月 22, 2017 1:27:15 下午 org.apache.catalina.startup.HostConfig deployDirectory
信息: Deploying web application directory F:\apache-tomcat-7.0.63-server1\webapps\manager
六月 22, 2017 1:27:15 下午 org.apache.catalina.startup.HostConfig deployDirectory
信息: Deployment of web application directory F:\apache-tomcat-7.0.63-server1\webapps\manager has finished in 103 ms
六月 22, 2017 1:27:15 下午 org.apache.catalina.startup.HostConfig deployDirectory
信息: Deploying web application directory F:\apache-tomcat-7.0.63-server1\webapps\ROOT
六月 22, 2017 1:27:15 下午 org.apache.catalina.startup.HostConfig deployDirectory
信息: Deployment of web application directory F:\apache-tomcat-7.0.63-server1\webapps\ROOT has finished in 72 ms
六月 22, 2017 1:27:15 下午 org.apache.coyote.AbstractProtocol start
信息: Starting ProtocolHandler ["http-apr-8081"]
六月 22, 2017 1:27:15 下午 org.apache.coyote.AbstractProtocol start
信息: Starting ProtocolHandler ["ajp-apr-8029"]
六月 22, 2017 1:27:15 下午 org.apache.catalina.startup.Catalina start
信息: Server startup in 1012 ms
六月 22, 2017 1:28:26 下午 org.apache.catalina.startup.Catalina stopServer
严重: Could not contact localhost:8025. Tomcat may not be running.
六月 22, 2017 1:28:26 下午 org.apache.catalina.startup.Catalina stopServer
严重: Catalina.stop: 
java.net.ConnectException: Connection refused: connect
	at java.net.DualStackPlainSocketImpl.connect0(Native Method)
	at java.net.DualStackPlainSocketImpl.socketConnect(DualStackPlainSocketImpl.java:79)
	at java.net.AbstractPlainSocketImpl.doConnect(AbstractPlainSocketImpl.java:339)
	at java.net.AbstractPlainSocketImpl.connectToAddress(AbstractPlainSocketImpl.java:200)
	at java.net.AbstractPlainSocketImpl.connect(AbstractPlainSocketImpl.java:182)
	at java.net.PlainSocketImpl.connect(PlainSocketImpl.java:172)
	at java.net.SocksSocketImpl.connect(SocksSocketImpl.java:392)
	at java.net.Socket.connect(Socket.java:579)
	at java.net.Socket.connect(Socket.java:528)
	at java.net.Socket.<init>(Socket.java:425)
	at java.net.Socket.<init>(Socket.java:208)
	at org.apache.catalina.startup.Catalina.stopServer(Catalina.java:498)
	at sun.reflect.NativeMethodAccessorImpl.invoke0(Native Method)
	at sun.reflect.NativeMethodAccessorImpl.invoke(NativeMethodAccessorImpl.java:57)
	at sun.reflect.DelegatingMethodAccessorImpl.invoke(DelegatingMethodAccessorImpl.java:43)
	at java.lang.reflect.Method.invoke(Method.java:606)
	at org.apache.catalina.startup.Bootstrap.stopServer(Bootstrap.java:370)
	at org.apache.catalina.startup.Bootstrap.main(Bootstrap.java:457)

