六月 22, 2017 11:09:03 上午 org.apache.catalina.core.StandardContext setPath
警告: A context path must either be an empty string or start with a '/' and do not end with a '/'. The path [FileSave] does not meet these criteria and has been changed to [/FileSave]
六月 22, 2017 11:09:03 上午 org.apache.catalina.startup.VersionLoggerListener log
信息: Server version:        Apache Tomcat/7.0.63
六月 22, 2017 11:09:03 上午 org.apache.catalina.startup.VersionLoggerListener log
信息: Server built:          Jun 30 2015 08:08:33 UTC
六月 22, 2017 11:09:03 上午 org.apache.catalina.startup.VersionLoggerListener log
信息: Server number:         7.0.63.0
六月 22, 2017 11:09:03 上午 org.apache.catalina.startup.VersionLoggerListener log
信息: OS Name:               Windows 7
六月 22, 2017 11:09:03 上午 org.apache.catalina.startup.VersionLoggerListener log
信息: OS Version:            6.1
六月 22, 2017 11:09:03 上午 org.apache.catalina.startup.VersionLoggerListener log
信息: Architecture:          amd64
六月 22, 2017 11:09:03 上午 org.apache.catalina.startup.VersionLoggerListener log
信息: Java Home:             C:\Program Files\Java\jdk1.7.0_67\jre
六月 22, 2017 11:09:03 上午 org.apache.catalina.startup.VersionLoggerListener log
信息: JVM Version:           1.7.0_67-b01
六月 22, 2017 11:09:03 上午 org.apache.catalina.startup.VersionLoggerListener log
信息: JVM Vendor:            Oracle Corporation
六月 22, 2017 11:09:03 上午 org.apache.catalina.startup.VersionLoggerListener log
信息: CATALINA_BASE:         F:\apache-tomcat-7.0.63-0
六月 22, 2017 11:09:03 上午 org.apache.catalina.startup.VersionLoggerListener log
信息: CATALINA_HOME:         F:\apache-tomcat-7.0.63-0
六月 22, 2017 11:09:03 上午 org.apache.catalina.startup.VersionLoggerListener log
信息: Command line argument: -XX:PermSize=64M
六月 22, 2017 11:09:03 上午 org.apache.catalina.startup.VersionLoggerListener log
信息: Command line argument: -XX:MaxPermSize=192M
六月 22, 2017 11:09:03 上午 org.apache.catalina.startup.VersionLoggerListener log
信息: Command line argument: -Djava.util.logging.config.file=F:\apache-tomcat-7.0.63-0\conf\logging.properties
六月 22, 2017 11:09:03 上午 org.apache.catalina.startup.VersionLoggerListener log
信息: Command line argument: -Djava.util.logging.manager=org.apache.juli.ClassLoaderLogManager
六月 22, 2017 11:09:03 上午 org.apache.catalina.startup.VersionLoggerListener log
信息: Command line argument: -Xms200m
六月 22, 2017 11:09:03 上午 org.apache.catalina.startup.VersionLoggerListener log
信息: Command line argument: -Xmx1000m
六月 22, 2017 11:09:03 上午 org.apache.catalina.startup.VersionLoggerListener log
信息: Command line argument: -Djava.endorsed.dirs=F:\apache-tomcat-7.0.63-0\endorsed
六月 22, 2017 11:09:03 上午 org.apache.catalina.startup.VersionLoggerListener log
信息: Command line argument: -Dcatalina.base=F:\apache-tomcat-7.0.63-0
六月 22, 2017 11:09:03 上午 org.apache.catalina.startup.VersionLoggerListener log
信息: Command line argument: -Dcatalina.home=F:\apache-tomcat-7.0.63-0
六月 22, 2017 11:09:03 上午 org.apache.catalina.startup.VersionLoggerListener log
信息: Command line argument: -Djava.io.tmpdir=F:\apache-tomcat-7.0.63-0\temp
六月 22, 2017 11:09:03 上午 org.apache.catalina.core.AprLifecycleListener lifecycleEvent
信息: Loaded APR based Apache Tomcat Native library 1.1.33 using APR version 1.5.1.
六月 22, 2017 11:09:03 上午 org.apache.catalina.core.AprLifecycleListener lifecycleEvent
信息: APR capabilities: IPv6 [true], sendfile [true], accept filters [false], random [true].
六月 22, 2017 11:09:04 上午 org.apache.catalina.core.AprLifecycleListener initializeSSL
信息: OpenSSL successfully initialized (OpenSSL 1.0.1m 19 Mar 2015)
六月 22, 2017 11:09:04 上午 org.apache.coyote.AbstractProtocol init
信息: Initializing ProtocolHandler ["http-apr-8080"]
六月 22, 2017 11:09:04 上午 org.apache.coyote.AbstractProtocol init
信息: Initializing ProtocolHandler ["ajp-apr-8019"]
六月 22, 2017 11:09:04 上午 org.apache.catalina.startup.Catalina load
信息: Initialization processed in 2538 ms
六月 22, 2017 11:09:04 上午 org.apache.catalina.core.StandardService startInternal
信息: Starting service Catalina
六月 22, 2017 11:09:04 上午 org.apache.catalina.core.StandardEngine startInternal
信息: Starting Servlet Engine: Apache Tomcat/7.0.63
六月 22, 2017 11:09:05 上午 org.apache.catalina.util.SessionIdGeneratorBase createSecureRandom
信息: Creation of SecureRandom instance for session ID generation using [SHA1PRNG] took [134] milliseconds.
六月 22, 2017 11:09:06 上午 org.apache.catalina.startup.HostConfig deployDirectory
信息: Deploying web application directory F:\apache-tomcat-7.0.63-0\webapps\docs
六月 22, 2017 11:09:06 上午 org.apache.catalina.startup.HostConfig deployDirectory
信息: Deployment of web application directory F:\apache-tomcat-7.0.63-0\webapps\docs has finished in 152 ms
六月 22, 2017 11:09:06 上午 org.apache.catalina.startup.HostConfig deployDirectory
信息: Deploying web application directory F:\apache-tomcat-7.0.63-0\webapps\dubbo_project
六月 22, 2017 11:09:08 上午 org.apache.catalina.startup.TldConfig execute
信息: At least one JAR was scanned for TLDs yet contained no TLDs. Enable debug logging for this logger for a complete list of JARs that were scanned but no TLDs were found in them. Skipping unneeded JARs during scanning can improve startup time and JSP compilation time.
六月 22, 2017 11:09:12 上午 org.apache.catalina.startup.HostConfig deployDirectory
信息: Deployment of web application directory F:\apache-tomcat-7.0.63-0\webapps\dubbo_project has finished in 6,608 ms
六月 22, 2017 11:09:12 上午 org.apache.catalina.startup.HostConfig deployDirectory
信息: Deploying web application directory F:\apache-tomcat-7.0.63-0\webapps\manager
六月 22, 2017 11:09:12 上午 org.apache.catalina.startup.HostConfig deployDirectory
信息: Deployment of web application directory F:\apache-tomcat-7.0.63-0\webapps\manager has finished in 158 ms
六月 22, 2017 11:09:12 上午 org.apache.catalina.startup.HostConfig deployDirectory
信息: Deploying web application directory F:\apache-tomcat-7.0.63-0\webapps\ROOT
六月 22, 2017 11:09:15 上午 org.apache.catalina.startup.TldConfig execute
信息: At least one JAR was scanned for TLDs yet contained no TLDs. Enable debug logging for this logger for a complete list of JARs that were scanned but no TLDs were found in them. Skipping unneeded JARs during scanning can improve startup time and JSP compilation time.
六月 22, 2017 11:09:41 上午 org.apache.catalina.startup.HostConfig deployDirectory
信息: Deployment of web application directory F:\apache-tomcat-7.0.63-0\webapps\ROOT has finished in 28,300 ms
六月 22, 2017 11:09:41 上午 org.apache.coyote.AbstractProtocol start
信息: Starting ProtocolHandler ["http-apr-8080"]
六月 22, 2017 11:09:41 上午 org.apache.coyote.AbstractProtocol start
信息: Starting ProtocolHandler ["ajp-apr-8019"]
六月 22, 2017 11:09:41 上午 org.apache.catalina.startup.Catalina start
信息: Server startup in 36792 ms
六月 22, 2017 12:15:12 下午 org.apache.catalina.startup.HostConfig undeploy
信息: Undeploying context [/dubbo_project]
六月 22, 2017 12:15:12 下午 org.apache.catalina.loader.WebappClassLoader clearReferencesJdbc
严重: The web application [/dubbo_project] registered the JDBC driver [com.alibaba.druid.proxy.DruidDriver] but failed to unregister it when the web application was stopped. To prevent a memory leak, the JDBC Driver has been forcibly unregistered.
六月 22, 2017 12:15:12 下午 org.apache.catalina.loader.WebappClassLoader clearReferencesJdbc
严重: The web application [/dubbo_project] registered the JDBC driver [com.mysql.jdbc.Driver] but failed to unregister it when the web application was stopped. To prevent a memory leak, the JDBC Driver has been forcibly unregistered.
六月 22, 2017 12:15:12 下午 org.apache.catalina.loader.WebappClassLoader clearReferencesThreads
严重: The web application [/dubbo_project] appears to have started a thread named [Thread-2] but has failed to stop it. This is very likely to create a memory leak.
六月 22, 2017 12:15:12 下午 org.apache.catalina.loader.WebappClassLoader clearReferencesThreads
严重: The web application [/dubbo_project] appears to have started a thread named [Abandoned connection cleanup thread] but has failed to stop it. This is very likely to create a memory leak.
六月 22, 2017 12:15:12 下午 org.apache.catalina.loader.WebappClassLoader clearReferencesThreads
严重: The web application [/dubbo_project] appears to have started a thread named [commons-pool-EvictionTimer] but has failed to stop it. This is very likely to create a memory leak.
六月 22, 2017 12:15:12 下午 org.apache.catalina.loader.WebappClassLoader clearReferencesThreads
严重: The web application [/dubbo_project] appears to have started a thread named [New I/O server boss #1 ([id: 0x3a1d1cf7, /0:0:0:0:0:0:0:0:20880])] but has failed to stop it. This is very likely to create a memory leak.
六月 22, 2017 12:15:12 下午 org.apache.catalina.loader.WebappClassLoader clearReferencesThreads
严重: The web application [/dubbo_project] appears to have started a thread named [dubbo-remoting-server-heartbeat-thread-1] but has failed to stop it. This is very likely to create a memory leak.
六月 22, 2017 12:15:12 下午 org.apache.catalina.loader.WebappClassLoader clearReferencesThreads
严重: The web application [/dubbo_project] appears to have started a thread named [DubboRegistryFailedRetryTimer-thread-1] but has failed to stop it. This is very likely to create a memory leak.
六月 22, 2017 12:15:12 下午 org.apache.catalina.loader.WebappClassLoader clearReferencesThreads
严重: The web application [/dubbo_project] appears to have started a thread named [ZkClient-EventThread-24-127.0.0.1:2181] but has failed to stop it. This is very likely to create a memory leak.
六月 22, 2017 12:15:13 下午 org.apache.catalina.loader.WebappClassLoader clearReferencesThreads
严重: The web application [/dubbo_project] appears to have started a thread named [localhost-startStop-1-SendThread(127.0.0.1:2181)] but has failed to stop it. This is very likely to create a memory leak.
六月 22, 2017 12:15:13 下午 org.apache.catalina.loader.WebappClassLoader clearReferencesThreads
严重: The web application [/dubbo_project] appears to have started a thread named [localhost-startStop-1-EventThread] but has failed to stop it. This is very likely to create a memory leak.
六月 22, 2017 12:15:13 下午 org.apache.catalina.loader.WebappClassLoader clearReferencesThreads
严重: The web application [/dubbo_project] appears to have started a thread named [DubboSaveRegistryCache-thread-1] but has failed to stop it. This is very likely to create a memory leak.
六月 22, 2017 12:17:40 下午 org.apache.catalina.core.StandardContext setPath
警告: A context path must either be an empty string or start with a '/' and do not end with a '/'. The path [FileSave] does not meet these criteria and has been changed to [/FileSave]
六月 22, 2017 12:17:40 下午 org.apache.catalina.startup.VersionLoggerListener log
信息: Server version:        Apache Tomcat/7.0.63
六月 22, 2017 12:17:40 下午 org.apache.catalina.startup.VersionLoggerListener log
信息: Server built:          Jun 30 2015 08:08:33 UTC
六月 22, 2017 12:17:40 下午 org.apache.catalina.startup.VersionLoggerListener log
信息: Server number:         7.0.63.0
六月 22, 2017 12:17:40 下午 org.apache.catalina.startup.VersionLoggerListener log
信息: OS Name:               Windows 7
六月 22, 2017 12:17:40 下午 org.apache.catalina.startup.VersionLoggerListener log
信息: OS Version:            6.1
六月 22, 2017 12:17:40 下午 org.apache.catalina.startup.VersionLoggerListener log
信息: Architecture:          amd64
六月 22, 2017 12:17:40 下午 org.apache.catalina.startup.VersionLoggerListener log
信息: Java Home:             C:\Program Files\Java\jdk1.7.0_67\jre
六月 22, 2017 12:17:40 下午 org.apache.catalina.startup.VersionLoggerListener log
信息: JVM Version:           1.7.0_67-b01
六月 22, 2017 12:17:40 下午 org.apache.catalina.startup.VersionLoggerListener log
信息: JVM Vendor:            Oracle Corporation
六月 22, 2017 12:17:40 下午 org.apache.catalina.startup.VersionLoggerListener log
信息: CATALINA_BASE:         F:\apache-tomcat-7.0.63-0
六月 22, 2017 12:17:40 下午 org.apache.catalina.startup.VersionLoggerListener log
信息: CATALINA_HOME:         F:\apache-tomcat-7.0.63-0
六月 22, 2017 12:17:40 下午 org.apache.catalina.startup.VersionLoggerListener log
信息: Command line argument: -XX:PermSize=64M
六月 22, 2017 12:17:40 下午 org.apache.catalina.startup.VersionLoggerListener log
信息: Command line argument: -XX:MaxPermSize=192M
六月 22, 2017 12:17:40 下午 org.apache.catalina.startup.VersionLoggerListener log
信息: Command line argument: -Djava.util.logging.config.file=F:\apache-tomcat-7.0.63-0\conf\logging.properties
六月 22, 2017 12:17:40 下午 org.apache.catalina.startup.VersionLoggerListener log
信息: Command line argument: -Djava.util.logging.manager=org.apache.juli.ClassLoaderLogManager
六月 22, 2017 12:17:40 下午 org.apache.catalina.startup.VersionLoggerListener log
信息: Command line argument: -Xms200m
六月 22, 2017 12:17:40 下午 org.apache.catalina.startup.VersionLoggerListener log
信息: Command line argument: -Xmx1000m
六月 22, 2017 12:17:40 下午 org.apache.catalina.startup.VersionLoggerListener log
信息: Command line argument: -Djava.endorsed.dirs=F:\apache-tomcat-7.0.63-0\endorsed
六月 22, 2017 12:17:40 下午 org.apache.catalina.startup.VersionLoggerListener log
信息: Command line argument: -Dcatalina.base=F:\apache-tomcat-7.0.63-0
六月 22, 2017 12:17:40 下午 org.apache.catalina.startup.VersionLoggerListener log
信息: Command line argument: -Dcatalina.home=F:\apache-tomcat-7.0.63-0
六月 22, 2017 12:17:40 下午 org.apache.catalina.startup.VersionLoggerListener log
信息: Command line argument: -Djava.io.tmpdir=F:\apache-tomcat-7.0.63-0\temp
六月 22, 2017 12:17:40 下午 org.apache.catalina.core.AprLifecycleListener lifecycleEvent
信息: Loaded APR based Apache Tomcat Native library 1.1.33 using APR version 1.5.1.
六月 22, 2017 12:17:40 下午 org.apache.catalina.core.AprLifecycleListener lifecycleEvent
信息: APR capabilities: IPv6 [true], sendfile [true], accept filters [false], random [true].
六月 22, 2017 12:17:41 下午 org.apache.catalina.core.AprLifecycleListener initializeSSL
信息: OpenSSL successfully initialized (OpenSSL 1.0.1m 19 Mar 2015)
六月 22, 2017 12:17:42 下午 org.apache.coyote.AbstractProtocol init
信息: Initializing ProtocolHandler ["http-apr-8080"]
六月 22, 2017 12:17:42 下午 org.apache.coyote.AbstractProtocol init
严重: Failed to initialize end point associated with ProtocolHandler ["http-apr-8080"]
java.lang.Exception: Socket bind failed: [730048] ?????????×???(Э?é/???????/???)????í??
	at org.apache.tomcat.util.net.AprEndpoint.bind(AprEndpoint.java:465)
	at org.apache.tomcat.util.net.AbstractEndpoint.init(AbstractEndpoint.java:649)
	at org.apache.coyote.AbstractProtocol.init(AbstractProtocol.java:434)
	at org.apache.catalina.connector.Connector.initInternal(Connector.java:978)
	at org.apache.catalina.util.LifecycleBase.init(LifecycleBase.java:102)
	at org.apache.catalina.core.StandardService.initInternal(StandardService.java:559)
	at org.apache.catalina.util.LifecycleBase.init(LifecycleBase.java:102)
	at org.apache.catalina.core.StandardServer.initInternal(StandardServer.java:821)
	at org.apache.catalina.util.LifecycleBase.init(LifecycleBase.java:102)
	at org.apache.catalina.startup.Catalina.load(Catalina.java:638)
	at org.apache.catalina.startup.Catalina.load(Catalina.java:663)
	at sun.reflect.NativeMethodAccessorImpl.invoke0(Native Method)
	at sun.reflect.NativeMethodAccessorImpl.invoke(NativeMethodAccessorImpl.java:57)
	at sun.reflect.DelegatingMethodAccessorImpl.invoke(DelegatingMethodAccessorImpl.java:43)
	at java.lang.reflect.Method.invoke(Method.java:606)
	at org.apache.catalina.startup.Bootstrap.load(Bootstrap.java:280)
	at org.apache.catalina.startup.Bootstrap.main(Bootstrap.java:454)

六月 22, 2017 12:17:42 下午 org.apache.catalina.core.StandardService initInternal
严重: Failed to initialize connector [Connector[HTTP/1.1-8080]]
org.apache.catalina.LifecycleException: Failed to initialize component [Connector[HTTP/1.1-8080]]
	at org.apache.catalina.util.LifecycleBase.init(LifecycleBase.java:106)
	at org.apache.catalina.core.StandardService.initInternal(StandardService.java:559)
	at org.apache.catalina.util.LifecycleBase.init(LifecycleBase.java:102)
	at org.apache.catalina.core.StandardServer.initInternal(StandardServer.java:821)
	at org.apache.catalina.util.LifecycleBase.init(LifecycleBase.java:102)
	at org.apache.catalina.startup.Catalina.load(Catalina.java:638)
	at org.apache.catalina.startup.Catalina.load(Catalina.java:663)
	at sun.reflect.NativeMethodAccessorImpl.invoke0(Native Method)
	at sun.reflect.NativeMethodAccessorImpl.invoke(NativeMethodAccessorImpl.java:57)
	at sun.reflect.DelegatingMethodAccessorImpl.invoke(DelegatingMethodAccessorImpl.java:43)
	at java.lang.reflect.Method.invoke(Method.java:606)
	at org.apache.catalina.startup.Bootstrap.load(Bootstrap.java:280)
	at org.apache.catalina.startup.Bootstrap.main(Bootstrap.java:454)
Caused by: org.apache.catalina.LifecycleException: Protocol handler initialization failed
	at org.apache.catalina.connector.Connector.initInternal(Connector.java:980)
	at org.apache.catalina.util.LifecycleBase.init(LifecycleBase.java:102)
	... 12 more
Caused by: java.lang.Exception: Socket bind failed: [730048] ?????????×???(Э?é/???????/???)????í??
	at org.apache.tomcat.util.net.AprEndpoint.bind(AprEndpoint.java:465)
	at org.apache.tomcat.util.net.AbstractEndpoint.init(AbstractEndpoint.java:649)
	at org.apache.coyote.AbstractProtocol.init(AbstractProtocol.java:434)
	at org.apache.catalina.connector.Connector.initInternal(Connector.java:978)
	... 13 more

六月 22, 2017 12:17:42 下午 org.apache.coyote.AbstractProtocol init
信息: Initializing ProtocolHandler ["ajp-apr-8019"]
六月 22, 2017 12:17:42 下午 org.apache.coyote.AbstractProtocol init
严重: Failed to initialize end point associated with ProtocolHandler ["ajp-apr-8019"]
java.lang.Exception: Socket bind failed: [730048] ?????????×???(Э?é/???????/???)????í??
	at org.apache.tomcat.util.net.AprEndpoint.bind(AprEndpoint.java:465)
	at org.apache.tomcat.util.net.AbstractEndpoint.init(AbstractEndpoint.java:649)
	at org.apache.coyote.AbstractProtocol.init(AbstractProtocol.java:434)
	at org.apache.catalina.connector.Connector.initInternal(Connector.java:978)
	at org.apache.catalina.util.LifecycleBase.init(LifecycleBase.java:102)
	at org.apache.catalina.core.StandardService.initInternal(StandardService.java:559)
	at org.apache.catalina.util.LifecycleBase.init(LifecycleBase.java:102)
	at org.apache.catalina.core.StandardServer.initInternal(StandardServer.java:821)
	at org.apache.catalina.util.LifecycleBase.init(LifecycleBase.java:102)
	at org.apache.catalina.startup.Catalina.load(Catalina.java:638)
	at org.apache.catalina.startup.Catalina.load(Catalina.java:663)
	at sun.reflect.NativeMethodAccessorImpl.invoke0(Native Method)
	at sun.reflect.NativeMethodAccessorImpl.invoke(NativeMethodAccessorImpl.java:57)
	at sun.reflect.DelegatingMethodAccessorImpl.invoke(DelegatingMethodAccessorImpl.java:43)
	at java.lang.reflect.Method.invoke(Method.java:606)
	at org.apache.catalina.startup.Bootstrap.load(Bootstrap.java:280)
	at org.apache.catalina.startup.Bootstrap.main(Bootstrap.java:454)

六月 22, 2017 12:17:42 下午 org.apache.catalina.core.StandardService initInternal
严重: Failed to initialize connector [Connector[AJP/1.3-8019]]
org.apache.catalina.LifecycleException: Failed to initialize component [Connector[AJP/1.3-8019]]
	at org.apache.catalina.util.LifecycleBase.init(LifecycleBase.java:106)
	at org.apache.catalina.core.StandardService.initInternal(StandardService.java:559)
	at org.apache.catalina.util.LifecycleBase.init(LifecycleBase.java:102)
	at org.apache.catalina.core.StandardServer.initInternal(StandardServer.java:821)
	at org.apache.catalina.util.LifecycleBase.init(LifecycleBase.java:102)
	at org.apache.catalina.startup.Catalina.load(Catalina.java:638)
	at org.apache.catalina.startup.Catalina.load(Catalina.java:663)
	at sun.reflect.NativeMethodAccessorImpl.invoke0(Native Method)
	at sun.reflect.NativeMethodAccessorImpl.invoke(NativeMethodAccessorImpl.java:57)
	at sun.reflect.DelegatingMethodAccessorImpl.invoke(DelegatingMethodAccessorImpl.java:43)
	at java.lang.reflect.Method.invoke(Method.java:606)
	at org.apache.catalina.startup.Bootstrap.load(Bootstrap.java:280)
	at org.apache.catalina.startup.Bootstrap.main(Bootstrap.java:454)
Caused by: org.apache.catalina.LifecycleException: Protocol handler initialization failed
	at org.apache.catalina.connector.Connector.initInternal(Connector.java:980)
	at org.apache.catalina.util.LifecycleBase.init(LifecycleBase.java:102)
	... 12 more
Caused by: java.lang.Exception: Socket bind failed: [730048] ?????????×???(Э?é/???????/???)????í??
	at org.apache.tomcat.util.net.AprEndpoint.bind(AprEndpoint.java:465)
	at org.apache.tomcat.util.net.AbstractEndpoint.init(AbstractEndpoint.java:649)
	at org.apache.coyote.AbstractProtocol.init(AbstractProtocol.java:434)
	at org.apache.catalina.connector.Connector.initInternal(Connector.java:978)
	... 13 more

六月 22, 2017 12:17:42 下午 org.apache.catalina.startup.Catalina load
信息: Initialization processed in 1976 ms
六月 22, 2017 12:17:42 下午 org.apache.catalina.core.StandardService startInternal
信息: Starting service Catalina
六月 22, 2017 12:17:42 下午 org.apache.catalina.core.StandardEngine startInternal
信息: Starting Servlet Engine: Apache Tomcat/7.0.63
六月 22, 2017 12:17:42 下午 org.apache.catalina.util.SessionIdGeneratorBase createSecureRandom
信息: Creation of SecureRandom instance for session ID generation using [SHA1PRNG] took [119] milliseconds.
六月 22, 2017 12:17:42 下午 org.apache.catalina.startup.HostConfig deployDirectory
信息: Deploying web application directory F:\apache-tomcat-7.0.63-0\webapps\docs
六月 22, 2017 12:17:42 下午 org.apache.catalina.startup.HostConfig deployDirectory
信息: Deployment of web application directory F:\apache-tomcat-7.0.63-0\webapps\docs has finished in 106 ms
六月 22, 2017 12:17:42 下午 org.apache.catalina.startup.HostConfig deployDirectory
信息: Deploying web application directory F:\apache-tomcat-7.0.63-0\webapps\manager
六月 22, 2017 12:17:43 下午 org.apache.catalina.startup.HostConfig deployDirectory
信息: Deployment of web application directory F:\apache-tomcat-7.0.63-0\webapps\manager has finished in 102 ms
六月 22, 2017 12:17:43 下午 org.apache.catalina.startup.HostConfig deployDirectory
信息: Deploying web application directory F:\apache-tomcat-7.0.63-0\webapps\ROOT
六月 22, 2017 12:17:46 下午 org.apache.catalina.startup.TldConfig execute
信息: At least one JAR was scanned for TLDs yet contained no TLDs. Enable debug logging for this logger for a complete list of JARs that were scanned but no TLDs were found in them. Skipping unneeded JARs during scanning can improve startup time and JSP compilation time.
六月 22, 2017 12:18:10 下午 org.apache.catalina.startup.HostConfig deployDirectory
信息: Deployment of web application directory F:\apache-tomcat-7.0.63-0\webapps\ROOT has finished in 27,329 ms
六月 22, 2017 12:18:10 下午 org.apache.catalina.startup.Catalina start
信息: Server startup in 28266 ms
六月 22, 2017 12:18:10 下午 org.apache.catalina.core.StandardServer await
严重: StandardServer.await: create[localhost:8015]: 
java.net.BindException: Address already in use: JVM_Bind
	at java.net.DualStackPlainSocketImpl.bind0(Native Method)
	at java.net.DualStackPlainSocketImpl.socketBind(DualStackPlainSocketImpl.java:106)
	at java.net.AbstractPlainSocketImpl.bind(AbstractPlainSocketImpl.java:376)
	at java.net.PlainSocketImpl.bind(PlainSocketImpl.java:190)
	at java.net.ServerSocket.bind(ServerSocket.java:376)
	at java.net.ServerSocket.<init>(ServerSocket.java:237)
	at org.apache.catalina.core.StandardServer.await(StandardServer.java:427)
	at org.apache.catalina.startup.Catalina.await(Catalina.java:777)
	at org.apache.catalina.startup.Catalina.start(Catalina.java:723)
	at sun.reflect.NativeMethodAccessorImpl.invoke0(Native Method)
	at sun.reflect.NativeMethodAccessorImpl.invoke(NativeMethodAccessorImpl.java:57)
	at sun.reflect.DelegatingMethodAccessorImpl.invoke(DelegatingMethodAccessorImpl.java:43)
	at java.lang.reflect.Method.invoke(Method.java:606)
	at org.apache.catalina.startup.Bootstrap.start(Bootstrap.java:321)
	at org.apache.catalina.startup.Bootstrap.main(Bootstrap.java:455)

六月 22, 2017 12:18:10 下午 org.apache.coyote.AbstractProtocol pause
信息: Pausing ProtocolHandler ["http-apr-8080"]
六月 22, 2017 12:18:10 下午 org.apache.coyote.AbstractProtocol pause
信息: Pausing ProtocolHandler ["ajp-apr-8019"]
六月 22, 2017 12:18:10 下午 org.apache.catalina.core.StandardService stopInternal
信息: Stopping service Catalina
六月 22, 2017 12:18:10 下午 org.apache.catalina.loader.WebappClassLoader clearReferencesThreads
严重: The web application [] appears to have started a thread named [DubboRegistryFailedRetryTimer-thread-1] but has failed to stop it. This is very likely to create a memory leak.
六月 22, 2017 12:18:10 下午 org.apache.catalina.loader.WebappClassLoader clearReferencesThreads
严重: The web application [] appears to have started a thread named [ZkClient-EventThread-16-127.0.0.1:2181] but has failed to stop it. This is very likely to create a memory leak.
六月 22, 2017 12:18:10 下午 org.apache.catalina.loader.WebappClassLoader clearReferencesThreads
严重: The web application [] appears to have started a thread named [localhost-startStop-1-SendThread(127.0.0.1:2181)] but has failed to stop it. This is very likely to create a memory leak.
六月 22, 2017 12:18:10 下午 org.apache.catalina.loader.WebappClassLoader clearReferencesThreads
严重: The web application [] appears to have started a thread named [localhost-startStop-1-EventThread] but has failed to stop it. This is very likely to create a memory leak.
六月 22, 2017 12:18:10 下午 org.apache.coyote.AbstractProtocol stop
信息: Stopping ProtocolHandler ["http-apr-8080"]
六月 22, 2017 12:18:10 下午 org.apache.coyote.AbstractProtocol destroy
信息: Destroying ProtocolHandler ["http-apr-8080"]
六月 22, 2017 12:18:10 下午 org.apache.coyote.AbstractProtocol stop
信息: Stopping ProtocolHandler ["ajp-apr-8019"]
六月 22, 2017 12:18:10 下午 org.apache.coyote.AbstractProtocol destroy
信息: Destroying ProtocolHandler ["ajp-apr-8019"]
六月 22, 2017 1:27:54 下午 org.apache.catalina.core.StandardContext setPath
警告: A context path must either be an empty string or start with a '/' and do not end with a '/'. The path [FileSave] does not meet these criteria and has been changed to [/FileSave]
六月 22, 2017 1:27:54 下午 org.apache.catalina.startup.VersionLoggerListener log
信息: Server version:        Apache Tomcat/7.0.63
六月 22, 2017 1:27:54 下午 org.apache.catalina.startup.VersionLoggerListener log
信息: Server built:          Jun 30 2015 08:08:33 UTC
六月 22, 2017 1:27:54 下午 org.apache.catalina.startup.VersionLoggerListener log
信息: Server number:         7.0.63.0
六月 22, 2017 1:27:54 下午 org.apache.catalina.startup.VersionLoggerListener log
信息: OS Name:               Windows 7
六月 22, 2017 1:27:54 下午 org.apache.catalina.startup.VersionLoggerListener log
信息: OS Version:            6.1
六月 22, 2017 1:27:54 下午 org.apache.catalina.startup.VersionLoggerListener log
信息: Architecture:          amd64
六月 22, 2017 1:27:54 下午 org.apache.catalina.startup.VersionLoggerListener log
信息: Java Home:             C:\Program Files\Java\jdk1.7.0_67\jre
六月 22, 2017 1:27:54 下午 org.apache.catalina.startup.VersionLoggerListener log
信息: JVM Version:           1.7.0_67-b01
六月 22, 2017 1:27:54 下午 org.apache.catalina.startup.VersionLoggerListener log
信息: JVM Vendor:            Oracle Corporation
六月 22, 2017 1:27:54 下午 org.apache.catalina.startup.VersionLoggerListener log
信息: CATALINA_BASE:         F:\apache-tomcat-7.0.63-0
六月 22, 2017 1:27:54 下午 org.apache.catalina.startup.VersionLoggerListener log
信息: CATALINA_HOME:         F:\apache-tomcat-7.0.63-0
六月 22, 2017 1:27:54 下午 org.apache.catalina.startup.VersionLoggerListener log
信息: Command line argument: -XX:PermSize=64M
六月 22, 2017 1:27:54 下午 org.apache.catalina.startup.VersionLoggerListener log
信息: Command line argument: -XX:MaxPermSize=192M
六月 22, 2017 1:27:54 下午 org.apache.catalina.startup.VersionLoggerListener log
信息: Command line argument: -Djava.util.logging.config.file=F:\apache-tomcat-7.0.63-0\conf\logging.properties
六月 22, 2017 1:27:54 下午 org.apache.catalina.startup.VersionLoggerListener log
信息: Command line argument: -Djava.util.logging.manager=org.apache.juli.ClassLoaderLogManager
六月 22, 2017 1:27:54 下午 org.apache.catalina.startup.VersionLoggerListener log
信息: Command line argument: -Xms200m
六月 22, 2017 1:27:54 下午 org.apache.catalina.startup.VersionLoggerListener log
信息: Command line argument: -Xmx1000m
六月 22, 2017 1:27:54 下午 org.apache.catalina.startup.VersionLoggerListener log
信息: Command line argument: -Djava.endorsed.dirs=F:\apache-tomcat-7.0.63-0\endorsed
六月 22, 2017 1:27:54 下午 org.apache.catalina.startup.VersionLoggerListener log
信息: Command line argument: -Dcatalina.base=F:\apache-tomcat-7.0.63-0
六月 22, 2017 1:27:54 下午 org.apache.catalina.startup.VersionLoggerListener log
信息: Command line argument: -Dcatalina.home=F:\apache-tomcat-7.0.63-0
六月 22, 2017 1:27:54 下午 org.apache.catalina.startup.VersionLoggerListener log
信息: Command line argument: -Djava.io.tmpdir=F:\apache-tomcat-7.0.63-0\temp
六月 22, 2017 1:27:54 下午 org.apache.catalina.core.AprLifecycleListener lifecycleEvent
信息: Loaded APR based Apache Tomcat Native library 1.1.33 using APR version 1.5.1.
六月 22, 2017 1:27:54 下午 org.apache.catalina.core.AprLifecycleListener lifecycleEvent
信息: APR capabilities: IPv6 [true], sendfile [true], accept filters [false], random [true].
六月 22, 2017 1:27:56 下午 org.apache.catalina.core.AprLifecycleListener initializeSSL
信息: OpenSSL successfully initialized (OpenSSL 1.0.1m 19 Mar 2015)
六月 22, 2017 1:27:56 下午 org.apache.coyote.AbstractProtocol init
信息: Initializing ProtocolHandler ["http-apr-8080"]
六月 22, 2017 1:27:56 下午 org.apache.coyote.AbstractProtocol init
信息: Initializing ProtocolHandler ["ajp-apr-8019"]
六月 22, 2017 1:27:56 下午 org.apache.catalina.startup.Catalina load
信息: Initialization processed in 1877 ms
六月 22, 2017 1:27:56 下午 org.apache.catalina.core.StandardService startInternal
信息: Starting service Catalina
六月 22, 2017 1:27:56 下午 org.apache.catalina.core.StandardEngine startInternal
信息: Starting Servlet Engine: Apache Tomcat/7.0.63
六月 22, 2017 1:27:56 下午 org.apache.catalina.util.SessionIdGeneratorBase createSecureRandom
信息: Creation of SecureRandom instance for session ID generation using [SHA1PRNG] took [112] milliseconds.
六月 22, 2017 1:27:56 下午 org.apache.catalina.startup.HostConfig deployDirectory
信息: Deploying web application directory F:\apache-tomcat-7.0.63-0\webapps\docs
六月 22, 2017 1:27:56 下午 org.apache.catalina.startup.HostConfig deployDirectory
信息: Deployment of web application directory F:\apache-tomcat-7.0.63-0\webapps\docs has finished in 103 ms
六月 22, 2017 1:27:56 下午 org.apache.catalina.startup.HostConfig deployDirectory
信息: Deploying web application directory F:\apache-tomcat-7.0.63-0\webapps\manager
六月 22, 2017 1:27:57 下午 org.apache.catalina.startup.HostConfig deployDirectory
信息: Deployment of web application directory F:\apache-tomcat-7.0.63-0\webapps\manager has finished in 102 ms
六月 22, 2017 1:27:57 下午 org.apache.catalina.startup.HostConfig deployDirectory
信息: Deploying web application directory F:\apache-tomcat-7.0.63-0\webapps\ROOT
六月 22, 2017 1:28:00 下午 org.apache.catalina.startup.TldConfig execute
信息: At least one JAR was scanned for TLDs yet contained no TLDs. Enable debug logging for this logger for a complete list of JARs that were scanned but no TLDs were found in them. Skipping unneeded JARs during scanning can improve startup time and JSP compilation time.
六月 22, 2017 1:28:11 下午 org.apache.catalina.startup.Catalina stopServer
严重: Could not contact localhost:8015. Tomcat may not be running.
六月 22, 2017 1:28:11 下午 org.apache.catalina.startup.Catalina stopServer
严重: Catalina.stop: 
java.net.ConnectException: Connection refused: connect
	at java.net.DualStackPlainSocketImpl.connect0(Native Method)
	at java.net.DualStackPlainSocketImpl.socketConnect(DualStackPlainSocketImpl.java:79)
	at java.net.AbstractPlainSocketImpl.doConnect(AbstractPlainSocketImpl.java:339)
	at java.net.AbstractPlainSocketImpl.connectToAddress(AbstractPlainSocketImpl.java:200)
	at java.net.AbstractPlainSocketImpl.connect(AbstractPlainSocketImpl.java:182)
	at java.net.PlainSocketImpl.connect(PlainSocketImpl.java:172)
	at java.net.SocksSocketImpl.connect(SocksSocketImpl.java:392)
	at java.net.Socket.connect(Socket.java:579)
	at java.net.Socket.connect(Socket.java:528)
	at java.net.Socket.<init>(Socket.java:425)
	at java.net.Socket.<init>(Socket.java:208)
	at org.apache.catalina.startup.Catalina.stopServer(Catalina.java:498)
	at sun.reflect.NativeMethodAccessorImpl.invoke0(Native Method)
	at sun.reflect.NativeMethodAccessorImpl.invoke(NativeMethodAccessorImpl.java:57)
	at sun.reflect.DelegatingMethodAccessorImpl.invoke(DelegatingMethodAccessorImpl.java:43)
	at java.lang.reflect.Method.invoke(Method.java:606)
	at org.apache.catalina.startup.Bootstrap.stopServer(Bootstrap.java:370)
	at org.apache.catalina.startup.Bootstrap.main(Bootstrap.java:457)

六月 22, 2017 1:28:14 下午 org.apache.catalina.startup.Catalina stopServer
严重: Could not contact localhost:8015. Tomcat may not be running.
六月 22, 2017 1:28:14 下午 org.apache.catalina.startup.Catalina stopServer
严重: Catalina.stop: 
java.net.ConnectException: Connection refused: connect
	at java.net.DualStackPlainSocketImpl.connect0(Native Method)
	at java.net.DualStackPlainSocketImpl.socketConnect(DualStackPlainSocketImpl.java:79)
	at java.net.AbstractPlainSocketImpl.doConnect(AbstractPlainSocketImpl.java:339)
	at java.net.AbstractPlainSocketImpl.connectToAddress(AbstractPlainSocketImpl.java:200)
	at java.net.AbstractPlainSocketImpl.connect(AbstractPlainSocketImpl.java:182)
	at java.net.PlainSocketImpl.connect(PlainSocketImpl.java:172)
	at java.net.SocksSocketImpl.connect(SocksSocketImpl.java:392)
	at java.net.Socket.connect(Socket.java:579)
	at java.net.Socket.connect(Socket.java:528)
	at java.net.Socket.<init>(Socket.java:425)
	at java.net.Socket.<init>(Socket.java:208)
	at org.apache.catalina.startup.Catalina.stopServer(Catalina.java:498)
	at sun.reflect.NativeMethodAccessorImpl.invoke0(Native Method)
	at sun.reflect.NativeMethodAccessorImpl.invoke(NativeMethodAccessorImpl.java:57)
	at sun.reflect.DelegatingMethodAccessorImpl.invoke(DelegatingMethodAccessorImpl.java:43)
	at java.lang.reflect.Method.invoke(Method.java:606)
	at org.apache.catalina.startup.Bootstrap.stopServer(Bootstrap.java:370)
	at org.apache.catalina.startup.Bootstrap.main(Bootstrap.java:457)

六月 22, 2017 1:28:16 下午 org.apache.catalina.startup.Catalina stopServer
严重: Could not contact localhost:8015. Tomcat may not be running.
六月 22, 2017 1:28:16 下午 org.apache.catalina.startup.Catalina stopServer
严重: Catalina.stop: 
java.net.ConnectException: Connection refused: connect
	at java.net.DualStackPlainSocketImpl.connect0(Native Method)
	at java.net.DualStackPlainSocketImpl.socketConnect(DualStackPlainSocketImpl.java:79)
	at java.net.AbstractPlainSocketImpl.doConnect(AbstractPlainSocketImpl.java:339)
	at java.net.AbstractPlainSocketImpl.connectToAddress(AbstractPlainSocketImpl.java:200)
	at java.net.AbstractPlainSocketImpl.connect(AbstractPlainSocketImpl.java:182)
	at java.net.PlainSocketImpl.connect(PlainSocketImpl.java:172)
	at java.net.SocksSocketImpl.connect(SocksSocketImpl.java:392)
	at java.net.Socket.connect(Socket.java:579)
	at java.net.Socket.connect(Socket.java:528)
	at java.net.Socket.<init>(Socket.java:425)
	at java.net.Socket.<init>(Socket.java:208)
	at org.apache.catalina.startup.Catalina.stopServer(Catalina.java:498)
	at sun.reflect.NativeMethodAccessorImpl.invoke0(Native Method)
	at sun.reflect.NativeMethodAccessorImpl.invoke(NativeMethodAccessorImpl.java:57)
	at sun.reflect.DelegatingMethodAccessorImpl.invoke(DelegatingMethodAccessorImpl.java:43)
	at java.lang.reflect.Method.invoke(Method.java:606)
	at org.apache.catalina.startup.Bootstrap.stopServer(Bootstrap.java:370)
	at org.apache.catalina.startup.Bootstrap.main(Bootstrap.java:457)

