六月 22, 2017 11:09:08 上午 org.apache.catalina.core.ApplicationContext log
信息: No Spring WebApplicationInitializer types detected on classpath
六月 22, 2017 11:09:08 上午 org.apache.catalina.core.ApplicationContext log
信息: Set web app root system property: 'springmvc.root' = [F:\apache-tomcat-7.0.63-0\webapps\dubbo_project\]
六月 22, 2017 11:09:08 上午 org.apache.catalina.core.ApplicationContext log
信息: Initializing log4j from [classpath:log4j.properties]
六月 22, 2017 11:09:08 上午 org.apache.catalina.core.ApplicationContext log
信息: Initializing Spring root WebApplicationContext
六月 22, 2017 11:09:12 上午 org.apache.catalina.core.ApplicationContext log
信息: Initializing Spring FrameworkServlet 'dispatcherServlet'
六月 22, 2017 11:09:15 上午 org.apache.catalina.core.ApplicationContext log
信息: Initializing log4j system
六月 22, 2017 11:09:15 上午 org.apache.catalina.core.ApplicationContext log
信息: Initializing Spring root WebApplicationContext
六月 22, 2017 11:09:27 上午 org.apache.catalina.core.ApplicationContext log
信息: Initializing Spring sub WebApplicationContext: home
六月 22, 2017 11:09:31 上午 org.apache.catalina.core.ApplicationContext log
信息: Initializing Spring sub WebApplicationContext: personal
六月 22, 2017 11:09:33 上午 org.apache.catalina.core.ApplicationContext log
信息: Initializing Spring sub WebApplicationContext: sysmanage
六月 22, 2017 11:09:35 上午 org.apache.catalina.core.ApplicationContext log
信息: Initializing Spring sub WebApplicationContext: sysinfo
六月 22, 2017 11:09:38 上午 org.apache.catalina.core.ApplicationContext log
信息: Initializing Spring sub WebApplicationContext: governance
六月 22, 2017 11:09:41 上午 org.apache.catalina.core.ApplicationContext log
信息: WebxComponents: initialization completed
六月 22, 2017 11:09:41 上午 org.apache.catalina.core.ApplicationContext log
信息: Initializing filter: mdc
六月 22, 2017 11:09:41 上午 org.apache.catalina.core.ApplicationContext log
信息: SetLoggingContextFilter - mdc: initialization completed
六月 22, 2017 11:09:41 上午 org.apache.catalina.core.ApplicationContext log
信息: Initializing filter: webx
六月 22, 2017 11:09:41 上午 org.apache.catalina.core.ApplicationContext log
信息: WebxFrameworkFilter - webx: initialization completed
六月 22, 2017 12:15:12 下午 org.apache.catalina.core.ApplicationContext log
信息: Destroying Spring FrameworkServlet 'dispatcherServlet'
六月 22, 2017 12:15:12 下午 org.apache.catalina.core.ApplicationContext log
信息: Closing Spring root WebApplicationContext
六月 22, 2017 12:15:12 下午 org.apache.catalina.core.StandardContext listenerStop
严重: Exception sending context destroyed event to listener instance of class org.springframework.web.context.ContextLoaderListener
java.lang.NoClassDefFoundError: org/apache/log4j/spi/ThrowableInformation
	at org.apache.log4j.spi.LoggingEvent.<init>(LoggingEvent.java:154)
	at org.apache.log4j.Category.forcedLog(Category.java:388)
	at org.apache.log4j.Category.log(Category.java:853)
	at org.apache.commons.logging.impl.Log4JLogger.error(Log4JLogger.java:229)
	at org.springframework.beans.factory.support.DefaultSingletonBeanRegistry.destroyBean(DefaultSingletonBeanRegistry.java:513)
	at org.springframework.beans.factory.support.DefaultSingletonBeanRegistry.destroySingleton(DefaultSingletonBeanRegistry.java:486)
	at org.springframework.beans.factory.support.DefaultListableBeanFactory.destroySingleton(DefaultListableBeanFactory.java:742)
	at org.springframework.beans.factory.support.DefaultSingletonBeanRegistry.destroySingletons(DefaultSingletonBeanRegistry.java:455)
	at org.springframework.context.support.AbstractApplicationContext.destroyBeans(AbstractApplicationContext.java:1090)
	at org.springframework.context.support.AbstractApplicationContext.doClose(AbstractApplicationContext.java:1064)
	at org.springframework.context.support.AbstractApplicationContext.close(AbstractApplicationContext.java:1010)
	at org.springframework.web.context.ContextLoader.closeWebApplicationContext(ContextLoader.java:586)
	at org.springframework.web.context.ContextLoaderListener.contextDestroyed(ContextLoaderListener.java:143)
	at org.apache.catalina.core.StandardContext.listenerStop(StandardContext.java:5064)
	at org.apache.catalina.core.StandardContext.stopInternal(StandardContext.java:5726)
	at org.apache.catalina.util.LifecycleBase.stop(LifecycleBase.java:232)
	at org.apache.catalina.core.ContainerBase.removeChild(ContainerBase.java:1027)
	at org.apache.catalina.startup.HostConfig.undeploy(HostConfig.java:1547)
	at org.apache.catalina.startup.HostConfig.checkResources(HostConfig.java:1474)
	at org.apache.catalina.startup.HostConfig.check(HostConfig.java:1695)
	at org.apache.catalina.startup.HostConfig.lifecycleEvent(HostConfig.java:333)
	at org.apache.catalina.util.LifecycleSupport.fireLifecycleEvent(LifecycleSupport.java:117)
	at org.apache.catalina.util.LifecycleBase.fireLifecycleEvent(LifecycleBase.java:90)
	at org.apache.catalina.core.ContainerBase.backgroundProcess(ContainerBase.java:1373)
	at org.apache.catalina.core.ContainerBase$ContainerBackgroundProcessor.processChildren(ContainerBase.java:1545)
	at org.apache.catalina.core.ContainerBase$ContainerBackgroundProcessor.processChildren(ContainerBase.java:1555)
	at org.apache.catalina.core.ContainerBase$ContainerBackgroundProcessor.run(ContainerBase.java:1523)
	at java.lang.Thread.run(Thread.java:745)

六月 22, 2017 12:15:12 下午 org.apache.catalina.core.ApplicationContext log
信息: Shutting down log4j
六月 22, 2017 12:15:12 下午 org.apache.catalina.core.StandardContext listenerStop
严重: Exception sending context destroyed event to listener instance of class org.springframework.web.util.Log4jConfigListener
java.lang.NoClassDefFoundError: org/apache/log4j/helpers/NullEnumeration
	at org.apache.log4j.Category.getAllAppenders(Category.java:410)
	at org.apache.log4j.Category.closeNestedAppenders(Category.java:223)
	at org.apache.log4j.Hierarchy.shutdown(Hierarchy.java:447)
	at org.apache.log4j.LogManager.shutdown(LogManager.java:227)
	at org.springframework.util.Log4jConfigurer.shutdownLogging(Log4jConfigurer.java:116)
	at org.springframework.web.util.Log4jWebConfigurer.shutdownLogging(Log4jWebConfigurer.java:170)
	at org.springframework.web.util.Log4jConfigListener.contextDestroyed(Log4jConfigListener.java:49)
	at org.apache.catalina.core.StandardContext.listenerStop(StandardContext.java:5064)
	at org.apache.catalina.core.StandardContext.stopInternal(StandardContext.java:5726)
	at org.apache.catalina.util.LifecycleBase.stop(LifecycleBase.java:232)
	at org.apache.catalina.core.ContainerBase.removeChild(ContainerBase.java:1027)
	at org.apache.catalina.startup.HostConfig.undeploy(HostConfig.java:1547)
	at org.apache.catalina.startup.HostConfig.checkResources(HostConfig.java:1474)
	at org.apache.catalina.startup.HostConfig.check(HostConfig.java:1695)
	at org.apache.catalina.startup.HostConfig.lifecycleEvent(HostConfig.java:333)
	at org.apache.catalina.util.LifecycleSupport.fireLifecycleEvent(LifecycleSupport.java:117)
	at org.apache.catalina.util.LifecycleBase.fireLifecycleEvent(LifecycleBase.java:90)
	at org.apache.catalina.core.ContainerBase.backgroundProcess(ContainerBase.java:1373)
	at org.apache.catalina.core.ContainerBase$ContainerBackgroundProcessor.processChildren(ContainerBase.java:1545)
	at org.apache.catalina.core.ContainerBase$ContainerBackgroundProcessor.processChildren(ContainerBase.java:1555)
	at org.apache.catalina.core.ContainerBase$ContainerBackgroundProcessor.run(ContainerBase.java:1523)
	at java.lang.Thread.run(Thread.java:745)
Caused by: java.lang.ClassNotFoundException: org.apache.log4j.helpers.NullEnumeration
	at org.apache.catalina.loader.WebappClassLoader.loadClass(WebappClassLoader.java:1722)
	at org.apache.catalina.loader.WebappClassLoader.loadClass(WebappClassLoader.java:1573)
	... 22 more

六月 22, 2017 12:17:46 下午 org.apache.catalina.core.ApplicationContext log
信息: Initializing log4j system
六月 22, 2017 12:17:46 下午 org.apache.catalina.core.ApplicationContext log
信息: Initializing Spring root WebApplicationContext
六月 22, 2017 12:17:59 下午 org.apache.catalina.core.ApplicationContext log
信息: Initializing Spring sub WebApplicationContext: home
六月 22, 2017 12:18:01 下午 org.apache.catalina.core.ApplicationContext log
信息: Initializing Spring sub WebApplicationContext: personal
六月 22, 2017 12:18:04 下午 org.apache.catalina.core.ApplicationContext log
信息: Initializing Spring sub WebApplicationContext: sysmanage
六月 22, 2017 12:18:06 下午 org.apache.catalina.core.ApplicationContext log
信息: Initializing Spring sub WebApplicationContext: sysinfo
六月 22, 2017 12:18:08 下午 org.apache.catalina.core.ApplicationContext log
信息: Initializing Spring sub WebApplicationContext: governance
六月 22, 2017 12:18:10 下午 org.apache.catalina.core.ApplicationContext log
信息: WebxComponents: initialization completed
六月 22, 2017 12:18:10 下午 org.apache.catalina.core.ApplicationContext log
信息: Initializing filter: mdc
六月 22, 2017 12:18:10 下午 org.apache.catalina.core.ApplicationContext log
信息: SetLoggingContextFilter - mdc: initialization completed
六月 22, 2017 12:18:10 下午 org.apache.catalina.core.ApplicationContext log
信息: Initializing filter: webx
六月 22, 2017 12:18:10 下午 org.apache.catalina.core.ApplicationContext log
信息: WebxFrameworkFilter - webx: initialization completed
六月 22, 2017 12:18:10 下午 org.apache.catalina.core.ApplicationContext log
信息: Closing Spring root WebApplicationContext
六月 22, 2017 12:18:10 下午 org.apache.catalina.core.ApplicationContext log
信息: Shutting down log system
六月 22, 2017 1:28:00 下午 org.apache.catalina.core.ApplicationContext log
信息: Initializing log4j system
六月 22, 2017 1:28:00 下午 org.apache.catalina.core.ApplicationContext log
信息: Initializing Spring root WebApplicationContext
