2017-06-22 11:09:15,622 [localhost-startStop-1] INFO  org.springframework.web.context.ContextLoader (ContextLoader.java:189) - Root WebApplicationContext: initialization started
2017-06-22 11:09:15,676 [localhost-startStop-1] INFO  org.springframework.context.support.AbstractApplicationContext (AbstractApplicationContext.java:411) - Refreshing com.alibaba.citrus.webx.context.WebxComponentsContext@4a7b9c3a: display name [Root WebApplicationContext]; startup date [Thu Jun 22 11:09:15 CST 2017]; root of context hierarchy
2017-06-22 11:09:17,387 [localhost-startStop-1] INFO  org.springframework.beans.factory.xml.XmlBeanDefinitionReader (XmlBeanDefinitionReader.java:323) - Loading XML bean definitions from ServletContext resource [/WEB-INF/webx.xml]
2017-06-22 11:09:17,997 [localhost-startStop-1] INFO  org.springframework.beans.factory.xml.XmlBeanDefinitionReader (XmlBeanDefinitionReader.java:323) - Loading XML bean definitions from ServletContext resource [/WEB-INF/common/webx-component-and-root.xml]
2017-06-22 11:09:18,494 [localhost-startStop-1] INFO  org.springframework.beans.factory.xml.XmlBeanDefinitionReader (XmlBeanDefinitionReader.java:323) - Loading XML bean definitions from ServletContext resource [/WEB-INF/common/pipeline-exception.xml]
2017-06-22 11:09:18,897 [localhost-startStop-1] INFO  org.springframework.beans.factory.xml.XmlBeanDefinitionReader (XmlBeanDefinitionReader.java:323) - Loading XML bean definitions from ServletContext resource [/WEB-INF/common/resources.xml]
2017-06-22 11:09:19,290 [localhost-startStop-1] INFO  org.springframework.beans.factory.xml.XmlBeanDefinitionReader (XmlBeanDefinitionReader.java:323) - Loading XML bean definitions from ServletContext resource [/WEB-INF/common/uris.xml]
2017-06-22 11:09:19,666 [localhost-startStop-1] INFO  org.springframework.beans.factory.xml.XmlBeanDefinitionReader (XmlBeanDefinitionReader.java:323) - Loading XML bean definitions from ServletContext resource [/WEB-INF/common/rewrite.xml]
2017-06-22 11:09:19,740 [localhost-startStop-1] INFO  org.springframework.beans.factory.xml.XmlBeanDefinitionReader (XmlBeanDefinitionReader.java:323) - Loading XML bean definitions from class path resource [META-INF/spring/dubbo-admin.xml]
2017-06-22 11:09:19,768 [localhost-startStop-1] INFO  ? (?:?) - using logger: com.alibaba.dubbo.common.logger.log4j.Log4jLoggerAdapter
2017-06-22 11:09:19,887 [localhost-startStop-1] INFO  org.springframework.context.support.AbstractApplicationContext (AbstractApplicationContext.java:426) - Bean factory for application context [com.alibaba.citrus.webx.context.WebxComponentsContext@4a7b9c3a]: com.alibaba.citrus.springext.support.context.InheritableListableBeanFactory@54ee6d5d
2017-06-22 11:09:20,027 [localhost-startStop-1] INFO  org.springframework.core.io.support.PropertiesLoaderSupport (PropertiesLoaderSupport.java:178) - Loading properties file from Resource[/WEB-INF/dubbo.properties, loaded by ResourceLoadingService]
2017-06-22 11:09:20,028 [localhost-startStop-1] INFO  org.springframework.core.io.support.PropertiesLoaderSupport (PropertiesLoaderSupport.java:178) - Loading properties file from URL [file://C:/Users/Administrator/dubbo.properties]
2017-06-22 11:09:25,143 [localhost-startStop-1] WARN  org.springframework.core.io.support.PropertiesLoaderSupport (PropertiesLoaderSupport.java:198) - Could not load properties from URL [file://C:/Users/Administrator/dubbo.properties]: C
2017-06-22 11:09:25,184 [localhost-startStop-1] INFO  alibaba.citrus.service.configuration.support.PropertiesConfigurationSupport (PropertiesConfigurationSupport.java:79) - Application is running in Production Mode.
2017-06-22 11:09:25,612 [localhost-startStop-1] INFO  alibaba.citrus.service.upload.impl.UploadServiceImpl (UploadServiceImpl.java:97) - Upload Parameters: {
  Repository Path                  = F:\apache-tomcat-7.0.63-0\temp
  Maximum Request Size             = 5M
  Maximum File Size                = n/a
  Threshold before Writing to File = 10K
  Keep Form Field in Memory        = false
  File Name Key                    = [
                                       [1/1] filename
                                     ]
}
2017-06-22 11:09:25,931 [localhost-startStop-1] INFO  org.springframework.context.support.AbstractApplicationContext$BeanPostProcessorChecker (AbstractApplicationContext.java:1196) - Bean '(inner bean)#11' is not eligible for getting processed by all BeanPostProcessors (for example: not eligible for auto-proxying)
2017-06-22 11:09:26,211 [localhost-startStop-1] INFO  org.springframework.context.support.AbstractApplicationContext$BeanPostProcessorChecker (AbstractApplicationContext.java:1196) - Bean 'dubbo-admin' is not eligible for getting processed by all BeanPostProcessors (for example: not eligible for auto-proxying)
2017-06-22 11:09:26,226 [localhost-startStop-1] INFO  org.springframework.context.support.AbstractApplicationContext$BeanPostProcessorChecker (AbstractApplicationContext.java:1196) - Bean 'com.alibaba.dubbo.config.RegistryConfig' is not eligible for getting processed by all BeanPostProcessors (for example: not eligible for auto-proxying)
2017-06-22 11:09:26,229 [localhost-startStop-1] INFO  org.springframework.context.support.AbstractApplicationContext$BeanPostProcessorChecker (AbstractApplicationContext.java:1196) - Bean 'registryService' is not eligible for getting processed by all BeanPostProcessors (for example: not eligible for auto-proxying)
2017-06-22 11:09:26,232 [localhost-startStop-1] INFO  org.springframework.context.support.AbstractApplicationContext$BeanPostProcessorChecker (AbstractApplicationContext.java:1196) - Bean '(inner bean)#11' is not eligible for getting processed by all BeanPostProcessors (for example: not eligible for auto-proxying)
2017-06-22 11:09:26,262 [localhost-startStop-1] INFO  org.springframework.beans.factory.support.DefaultListableBeanFactory (DefaultListableBeanFactory.java:414) - Pre-instantiating singletons in com.alibaba.citrus.springext.support.context.InheritableListableBeanFactory@54ee6d5d: defining beans [org.springframework.context.annotation.internalCommonAnnotationProcessor,org.springframework.context.annotation.internalAutowiredAnnotationProcessor,org.springframework.context.annotation.internalRequiredAnnotationProcessor,com.alibaba.citrus.service.configuration.support.PropertyPlaceholderConfigurer#0,templateService,mappingRuleService,dataResolverService,exceptionPipeline,resourceLoadingService,messageSource,uriBrokerService,restfulRewrite,org.springframework.beans.factory.config.PropertyPlaceholderConfigurer#0,dubbo-admin,com.alibaba.dubbo.config.RegistryConfig,registryService,configService,consumerService,overrideService,ownerService,providerService,routeService,userService,governanceCache,productionModeSensiblePostProcessor,webxConfiguration,requestContexts,com.alibaba.citrus.service.requestcontext.impl.RequestContextBeanFactoryPostProcessor#0,uploadService,pullService,formService,module.screen.Error404,module.screen.ErrorOther,moduleLoaderService,messageResourceService,com.alibaba.citrus.webx.context.WebxComponentsLoader$WebxComponentsCreator]; root of factory hierarchy
2017-06-22 11:09:26,375 [localhost-startStop-1] INFO  alibaba.citrus.service.velocity.impl.Slf4jLogChute (Slf4jLogChute.java:76) - SpringResourceLoaderAdapter : initialization starting.
2017-06-22 11:09:26,376 [localhost-startStop-1] INFO  alibaba.citrus.service.velocity.impl.Slf4jLogChute (Slf4jLogChute.java:76) - SpringResourceLoaderAdapter : set path '/templates/common/'
2017-06-22 11:09:26,377 [localhost-startStop-1] INFO  alibaba.citrus.service.velocity.impl.Slf4jLogChute (Slf4jLogChute.java:76) - SpringResourceLoaderAdapter : initialization complete.
2017-06-22 11:09:26,466 [localhost-startStop-1] INFO  alibaba.citrus.service.mappingrule.support.AbstractMappingRule (AbstractMappingRule.java:83) - Initialized extension.input:ExtensionMappingRule with cache disabled
2017-06-22 11:09:26,467 [localhost-startStop-1] INFO  alibaba.citrus.service.mappingrule.support.AbstractMappingRule (AbstractMappingRule.java:83) - Initialized extension.output:ExtensionMappingRule with cache disabled
2017-06-22 11:09:26,564 [localhost-startStop-1] WARN  org.springframework.beans.TypeConverterDelegate (TypeConverterDelegate.java:271) - PropertyEditor [com.sun.beans.editors.EnumEditor] found through deprecated global PropertyEditorManager fallback - consider using a more isolated form of registration, e.g. on the BeanWrapper/BeanFactory!
2017-06-22 11:09:26,589 [localhost-startStop-1] INFO  alibaba.citrus.service.mappingrule.support.AbstractMappingRule (AbstractMappingRule.java:83) - Initialized action:DirectModuleMappingRule with cache disabled
2017-06-22 11:09:26,590 [localhost-startStop-1] INFO  alibaba.citrus.service.mappingrule.support.AbstractMappingRule (AbstractMappingRule.java:83) - Initialized screen.notemplate:DirectModuleMappingRule with cache disabled
2017-06-22 11:09:26,601 [localhost-startStop-1] INFO  alibaba.citrus.service.mappingrule.support.AbstractMappingRule (AbstractMappingRule.java:83) - Initialized screen:FallbackModuleMappingRule with cache enabled
2017-06-22 11:09:26,612 [localhost-startStop-1] INFO  alibaba.citrus.service.mappingrule.support.AbstractMappingRule (AbstractMappingRule.java:83) - Initialized screen.template:DirectTemplateMappingRule with cache disabled
2017-06-22 11:09:26,621 [localhost-startStop-1] INFO  alibaba.citrus.service.mappingrule.support.AbstractMappingRule (AbstractMappingRule.java:83) - Initialized layout.template:FallbackTemplateMappingRule with cache enabled
2017-06-22 11:09:26,622 [localhost-startStop-1] INFO  alibaba.citrus.service.mappingrule.support.AbstractMappingRule (AbstractMappingRule.java:83) - Initialized control.notemplate:DirectModuleMappingRule with cache disabled
2017-06-22 11:09:26,623 [localhost-startStop-1] INFO  alibaba.citrus.service.mappingrule.support.AbstractMappingRule (AbstractMappingRule.java:83) - Initialized control:FallbackModuleMappingRule with cache enabled
2017-06-22 11:09:26,624 [localhost-startStop-1] INFO  alibaba.citrus.service.mappingrule.support.AbstractMappingRule (AbstractMappingRule.java:83) - Initialized control.template:DirectTemplateMappingRule with cache disabled
2017-06-22 11:09:26,670 [localhost-startStop-1] WARN  org.springframework.beans.TypeConverterDelegate (TypeConverterDelegate.java:271) - PropertyEditor [com.sun.beans.editors.EnumEditor] found through deprecated global PropertyEditorManager fallback - consider using a more isolated form of registration, e.g. on the BeanWrapper/BeanFactory!
2017-06-22 11:09:26,888 [ZkClient-EventThread-30-127.0.0.1:2181] INFO  org.I0Itec.zkclient.ZkEventThread (ZkEventThread.java:64) - Starting ZkClient event thread.
2017-06-22 11:09:27,098 [localhost-startStop-1-EventThread] INFO  org.I0Itec.zkclient.ZkClient (ZkClient.java:449) - zookeeper state changed (SyncConnected)
2017-06-22 11:09:27,134 [localhost-startStop-1] INFO  com.alibaba.dubbo.config.ReferenceConfig (ReferenceConfig.java:423) -  [DUBBO] Refer dubbo service com.alibaba.dubbo.registry.RegistryService from url zookeeper://127.0.0.1:2181/com.alibaba.dubbo.registry.RegistryService?application=dubbo-admin&check=false&dubbo=2.5.4-SNAPSHOT&file=false&pid=9268&refer=application%3Ddubbo-admin%26check%3Dfalse%26dubbo%3D2.5.4-SNAPSHOT%26interface%3Dcom.alibaba.dubbo.registry.RegistryService%26methods%3Dregister%2Csubscribe%2Cunregister%2Cunsubscribe%2Clookup%26pid%3D9268%26revision%3D2.5.4-SNAPSHOT%26side%3Dconsumer%26timestamp%3D1498100966785&timestamp=1498100966821, dubbo version: 2.5.4-SNAPSHOT, current host: 192.168.0.178
2017-06-22 11:09:27,155 [localhost-startStop-1] INFO  com.alibaba.dubbo.governance.sync.RegistryServerSync (RegistryServerSync.java:71) -  [DUBBO] Init Dubbo Admin Sync Cache..., dubbo version: 2.5.4-SNAPSHOT, current host: 192.168.0.178
2017-06-22 11:09:27,158 [localhost-startStop-1] INFO  com.alibaba.dubbo.registry.support.AbstractRegistry (AbstractRegistry.java:325) -  [DUBBO] Subscribe: admin://192.168.0.178?category=providers,consumers,routers,configurators&check=false&classifier=*&enabled=*&group=*&interface=*&version=*, dubbo version: 2.5.4-SNAPSHOT, current host: 192.168.0.178
2017-06-22 11:09:27,199 [localhost-startStop-1] INFO  com.alibaba.dubbo.registry.support.AbstractRegistry (AbstractRegistry.java:325) -  [DUBBO] Subscribe: admin://192.168.0.178/com.jiuyuvip.dao.DAO?category=providers,consumers,routers,configurators&check=false&classifier=*&enabled=*&group=*&interface=com.jiuyuvip.dao.DAO&version=*, dubbo version: 2.5.4-SNAPSHOT, current host: 192.168.0.178
2017-06-22 11:09:27,249 [localhost-startStop-1] INFO  com.alibaba.dubbo.registry.support.AbstractRegistry (AbstractRegistry.java:422) -  [DUBBO] Notify urls for subscribe url admin://192.168.0.178/com.jiuyuvip.dao.DAO?category=providers,consumers,routers,configurators&check=false&classifier=*&enabled=*&group=*&interface=com.jiuyuvip.dao.DAO&version=*, urls: [empty://192.168.0.178/com.jiuyuvip.dao.DAO?category=providers&check=false&classifier=*&enabled=*&group=*&interface=com.jiuyuvip.dao.DAO&version=*, empty://192.168.0.178/com.jiuyuvip.dao.DAO?category=consumers&check=false&classifier=*&enabled=*&group=*&interface=com.jiuyuvip.dao.DAO&version=*, empty://192.168.0.178/com.jiuyuvip.dao.DAO?category=routers&check=false&classifier=*&enabled=*&group=*&interface=com.jiuyuvip.dao.DAO&version=*, empty://192.168.0.178/com.jiuyuvip.dao.DAO?category=configurators&check=false&classifier=*&enabled=*&group=*&interface=com.jiuyuvip.dao.DAO&version=*], dubbo version: 2.5.4-SNAPSHOT, current host: 192.168.0.178
2017-06-22 11:09:27,251 [localhost-startStop-1] INFO  com.alibaba.dubbo.registry.support.AbstractRegistry (AbstractRegistry.java:325) -  [DUBBO] Subscribe: admin://192.168.0.178/com.jiuyuvip.service.UserService?category=providers,consumers,routers,configurators&check=false&classifier=*&enabled=*&group=*&interface=com.jiuyuvip.service.UserService&version=*, dubbo version: 2.5.4-SNAPSHOT, current host: 192.168.0.178
2017-06-22 11:09:27,285 [localhost-startStop-1] INFO  com.alibaba.dubbo.registry.support.AbstractRegistry (AbstractRegistry.java:422) -  [DUBBO] Notify urls for subscribe url admin://192.168.0.178/com.jiuyuvip.service.UserService?category=providers,consumers,routers,configurators&check=false&classifier=*&enabled=*&group=*&interface=com.jiuyuvip.service.UserService&version=*, urls: [dubbo://192.168.0.178:20880/com.jiuyuvip.service.UserService?anyhost=true&application=dubbo_project&dubbo=2.5.3&interface=com.jiuyuvip.service.UserService&methods=selectUserById&pid=9268&side=provider&timestamp=1498100951463, empty://192.168.0.178/com.jiuyuvip.service.UserService?category=consumers&check=false&classifier=*&enabled=*&group=*&interface=com.jiuyuvip.service.UserService&version=*, empty://192.168.0.178/com.jiuyuvip.service.UserService?category=routers&check=false&classifier=*&enabled=*&group=*&interface=com.jiuyuvip.service.UserService&version=*, empty://192.168.0.178/com.jiuyuvip.service.UserService?category=configurators&check=false&classifier=*&enabled=*&group=*&interface=com.jiuyuvip.service.UserService&version=*], dubbo version: 2.5.4-SNAPSHOT, current host: 192.168.0.178
2017-06-22 11:09:27,740 [localhost-startStop-1] INFO  alibaba.citrus.service.pull.impl.PullServiceImpl (PullServiceImpl.java:105) - Initialized pull service [key=PullService.pullService] with 16 pre-pulled tools, 10 pre-queued tools and 0 runtime tools
2017-06-22 11:09:27,763 [localhost-startStop-1] INFO  com.alibaba.citrus.webx.context.WebxComponentsLoader (WebxComponentsLoader.java:225) - Initializing Spring sub WebApplicationContext: home
2017-06-22 11:09:27,764 [localhost-startStop-1] INFO  org.springframework.context.support.AbstractApplicationContext (AbstractApplicationContext.java:411) - Refreshing com.alibaba.citrus.webx.context.WebxComponentContext@517de3de: display name [WebApplicationContext for namespace 'home']; startup date [Thu Jun 22 11:09:27 CST 2017]; parent: com.alibaba.citrus.webx.context.WebxComponentsContext@4a7b9c3a
2017-06-22 11:09:28,905 [localhost-startStop-1] INFO  org.springframework.beans.factory.xml.XmlBeanDefinitionReader (XmlBeanDefinitionReader.java:323) - Loading XML bean definitions from Resource[WEB-INF/webx-home.xml, loaded by ResourceLoadingService]
2017-06-22 11:09:29,342 [localhost-startStop-1] INFO  org.springframework.beans.factory.xml.XmlBeanDefinitionReader (XmlBeanDefinitionReader.java:323) - Loading XML bean definitions from Resource[WEB-INF/common/webx-component-and-root.xml, loaded by ResourceLoadingService]
2017-06-22 11:09:29,835 [localhost-startStop-1] INFO  org.springframework.beans.factory.xml.XmlBeanDefinitionReader (XmlBeanDefinitionReader.java:323) - Loading XML bean definitions from Resource[WEB-INF/common/webx-component.xml, loaded by ResourceLoadingService]
2017-06-22 11:09:30,290 [localhost-startStop-1] INFO  org.springframework.beans.factory.xml.XmlBeanDefinitionReader (XmlBeanDefinitionReader.java:323) - Loading XML bean definitions from Resource[WEB-INF/common/pipeline.xml, loaded by ResourceLoadingService]
2017-06-22 11:09:30,724 [localhost-startStop-1] INFO  org.springframework.context.support.AbstractApplicationContext (AbstractApplicationContext.java:426) - Bean factory for application context [com.alibaba.citrus.webx.context.WebxComponentContext@517de3de]: com.alibaba.citrus.springext.support.context.InheritableListableBeanFactory@a9c017d
2017-06-22 11:09:30,743 [localhost-startStop-1] INFO  org.springframework.context.support.AbstractApplicationContext$BeanPostProcessorChecker (AbstractApplicationContext.java:1196) - Bean '(inner bean)' is not eligible for getting processed by all BeanPostProcessors (for example: not eligible for auto-proxying)
2017-06-22 11:09:30,747 [localhost-startStop-1] INFO  org.springframework.context.support.AbstractApplicationContext$BeanPostProcessorChecker (AbstractApplicationContext.java:1196) - Bean '(inner bean)#1' is not eligible for getting processed by all BeanPostProcessors (for example: not eligible for auto-proxying)
2017-06-22 11:09:30,748 [localhost-startStop-1] INFO  alibaba.citrus.service.configuration.support.PropertiesConfigurationSupport (PropertiesConfigurationSupport.java:79) - Application is running in Production Mode.
2017-06-22 11:09:30,748 [localhost-startStop-1] INFO  org.springframework.context.support.AbstractApplicationContext$BeanPostProcessorChecker (AbstractApplicationContext.java:1196) - Bean 'webxConfiguration' is not eligible for getting processed by all BeanPostProcessors (for example: not eligible for auto-proxying)
2017-06-22 11:09:30,749 [localhost-startStop-1] INFO  org.springframework.context.support.AbstractApplicationContext$BeanPostProcessorChecker (AbstractApplicationContext.java:1196) - Bean '(inner bean)' is not eligible for getting processed by all BeanPostProcessors (for example: not eligible for auto-proxying)
2017-06-22 11:09:30,752 [localhost-startStop-1] INFO  org.springframework.beans.factory.support.DefaultListableBeanFactory (DefaultListableBeanFactory.java:414) - Pre-instantiating singletons in com.alibaba.citrus.springext.support.context.InheritableListableBeanFactory@a9c017d: defining beans [org.springframework.context.annotation.internalCommonAnnotationProcessor,org.springframework.context.annotation.internalAutowiredAnnotationProcessor,org.springframework.context.annotation.internalRequiredAnnotationProcessor,com.alibaba.citrus.service.configuration.support.PropertyPlaceholderConfigurer#0,templateService,mappingRuleService,dataResolverService,productionModeSensiblePostProcessor,webxConfiguration,pullService,pipeline,module.control.Menu,module.screen.Disable,module.screen.Index,module.screen.Lookup,module.screen.Reg,module.screen.Register,module.screen.Result,module.screen.Servicestatus,module.screen.Status,module.screen.Unreg,module.screen.Unregister,module.screen.Unregisterall,moduleLoaderService]; parent: com.alibaba.citrus.springext.support.context.InheritableListableBeanFactory@54ee6d5d
2017-06-22 11:09:30,761 [localhost-startStop-1] INFO  alibaba.citrus.service.velocity.impl.Slf4jLogChute (Slf4jLogChute.java:76) - SpringResourceLoaderAdapter : initialization starting.
2017-06-22 11:09:30,762 [localhost-startStop-1] INFO  alibaba.citrus.service.velocity.impl.Slf4jLogChute (Slf4jLogChute.java:76) - SpringResourceLoaderAdapter : set path '/templates/home/'
2017-06-22 11:09:30,762 [localhost-startStop-1] INFO  alibaba.citrus.service.velocity.impl.Slf4jLogChute (Slf4jLogChute.java:76) - SpringResourceLoaderAdapter : initialization complete.
2017-06-22 11:09:30,768 [localhost-startStop-1] INFO  alibaba.citrus.service.mappingrule.support.AbstractMappingRule (AbstractMappingRule.java:83) - Initialized extension.input:ExtensionMappingRule with cache disabled
2017-06-22 11:09:30,770 [localhost-startStop-1] INFO  alibaba.citrus.service.mappingrule.support.AbstractMappingRule (AbstractMappingRule.java:83) - Initialized extension.output:ExtensionMappingRule with cache disabled
2017-06-22 11:09:30,785 [localhost-startStop-1] INFO  alibaba.citrus.service.mappingrule.support.AbstractMappingRule (AbstractMappingRule.java:83) - Initialized action:DirectModuleMappingRule with cache disabled
2017-06-22 11:09:30,786 [localhost-startStop-1] INFO  alibaba.citrus.service.mappingrule.support.AbstractMappingRule (AbstractMappingRule.java:83) - Initialized screen.notemplate:DirectModuleMappingRule with cache disabled
2017-06-22 11:09:30,787 [localhost-startStop-1] INFO  alibaba.citrus.service.mappingrule.support.AbstractMappingRule (AbstractMappingRule.java:83) - Initialized screen:FallbackModuleMappingRule with cache enabled
2017-06-22 11:09:30,789 [localhost-startStop-1] INFO  alibaba.citrus.service.mappingrule.support.AbstractMappingRule (AbstractMappingRule.java:83) - Initialized screen.template:DirectTemplateMappingRule with cache disabled
2017-06-22 11:09:30,791 [localhost-startStop-1] INFO  alibaba.citrus.service.mappingrule.support.AbstractMappingRule (AbstractMappingRule.java:83) - Initialized layout.template:FallbackTemplateMappingRule with cache enabled
2017-06-22 11:09:30,791 [localhost-startStop-1] INFO  alibaba.citrus.service.mappingrule.support.AbstractMappingRule (AbstractMappingRule.java:83) - Initialized control.notemplate:DirectModuleMappingRule with cache disabled
2017-06-22 11:09:30,792 [localhost-startStop-1] INFO  alibaba.citrus.service.mappingrule.support.AbstractMappingRule (AbstractMappingRule.java:83) - Initialized control:FallbackModuleMappingRule with cache enabled
2017-06-22 11:09:30,793 [localhost-startStop-1] INFO  alibaba.citrus.service.mappingrule.support.AbstractMappingRule (AbstractMappingRule.java:83) - Initialized control.template:DirectTemplateMappingRule with cache disabled
2017-06-22 11:09:30,815 [localhost-startStop-1] INFO  alibaba.citrus.service.pull.impl.PullServiceImpl (PullServiceImpl.java:105) - Initialized pull service [key=PullService.pullService.1] with 16 pre-pulled tools, 9 pre-queued tools and 0 runtime tools
2017-06-22 11:09:31,059 [localhost-startStop-1] INFO  com.alibaba.citrus.webx.context.WebxComponentsLoader (WebxComponentsLoader.java:225) - Initializing Spring sub WebApplicationContext: personal
2017-06-22 11:09:31,060 [localhost-startStop-1] INFO  org.springframework.context.support.AbstractApplicationContext (AbstractApplicationContext.java:411) - Refreshing com.alibaba.citrus.webx.context.WebxComponentContext@1ffb2d9e: display name [WebApplicationContext for namespace 'personal']; startup date [Thu Jun 22 11:09:31 CST 2017]; parent: com.alibaba.citrus.webx.context.WebxComponentsContext@4a7b9c3a
2017-06-22 11:09:32,175 [localhost-startStop-1] INFO  org.springframework.beans.factory.xml.XmlBeanDefinitionReader (XmlBeanDefinitionReader.java:323) - Loading XML bean definitions from Resource[WEB-INF/webx-personal.xml, loaded by ResourceLoadingService]
2017-06-22 11:09:32,550 [localhost-startStop-1] INFO  org.springframework.beans.factory.xml.XmlBeanDefinitionReader (XmlBeanDefinitionReader.java:323) - Loading XML bean definitions from Resource[WEB-INF/common/webx-component-and-root.xml, loaded by ResourceLoadingService]
2017-06-22 11:09:32,884 [localhost-startStop-1] INFO  org.springframework.beans.factory.xml.XmlBeanDefinitionReader (XmlBeanDefinitionReader.java:323) - Loading XML bean definitions from Resource[WEB-INF/common/webx-component.xml, loaded by ResourceLoadingService]
2017-06-22 11:09:33,210 [localhost-startStop-1] INFO  org.springframework.beans.factory.xml.XmlBeanDefinitionReader (XmlBeanDefinitionReader.java:323) - Loading XML bean definitions from Resource[WEB-INF/common/pipeline.xml, loaded by ResourceLoadingService]
2017-06-22 11:09:33,557 [localhost-startStop-1] INFO  org.springframework.context.support.AbstractApplicationContext (AbstractApplicationContext.java:426) - Bean factory for application context [com.alibaba.citrus.webx.context.WebxComponentContext@1ffb2d9e]: com.alibaba.citrus.springext.support.context.InheritableListableBeanFactory@7f959250
2017-06-22 11:09:33,566 [localhost-startStop-1] INFO  org.springframework.context.support.AbstractApplicationContext$BeanPostProcessorChecker (AbstractApplicationContext.java:1196) - Bean '(inner bean)' is not eligible for getting processed by all BeanPostProcessors (for example: not eligible for auto-proxying)
2017-06-22 11:09:33,569 [localhost-startStop-1] INFO  org.springframework.context.support.AbstractApplicationContext$BeanPostProcessorChecker (AbstractApplicationContext.java:1196) - Bean '(inner bean)#1' is not eligible for getting processed by all BeanPostProcessors (for example: not eligible for auto-proxying)
2017-06-22 11:09:33,570 [localhost-startStop-1] INFO  alibaba.citrus.service.configuration.support.PropertiesConfigurationSupport (PropertiesConfigurationSupport.java:79) - Application is running in Production Mode.
2017-06-22 11:09:33,570 [localhost-startStop-1] INFO  org.springframework.context.support.AbstractApplicationContext$BeanPostProcessorChecker (AbstractApplicationContext.java:1196) - Bean 'webxConfiguration' is not eligible for getting processed by all BeanPostProcessors (for example: not eligible for auto-proxying)
2017-06-22 11:09:33,571 [localhost-startStop-1] INFO  org.springframework.context.support.AbstractApplicationContext$BeanPostProcessorChecker (AbstractApplicationContext.java:1196) - Bean '(inner bean)' is not eligible for getting processed by all BeanPostProcessors (for example: not eligible for auto-proxying)
2017-06-22 11:09:33,572 [localhost-startStop-1] INFO  org.springframework.beans.factory.support.DefaultListableBeanFactory (DefaultListableBeanFactory.java:414) - Pre-instantiating singletons in com.alibaba.citrus.springext.support.context.InheritableListableBeanFactory@7f959250: defining beans [org.springframework.context.annotation.internalCommonAnnotationProcessor,org.springframework.context.annotation.internalAutowiredAnnotationProcessor,org.springframework.context.annotation.internalRequiredAnnotationProcessor,com.alibaba.citrus.service.configuration.support.PropertyPlaceholderConfigurer#0,templateService,mappingRuleService,dataResolverService,productionModeSensiblePostProcessor,webxConfiguration,pullService,pipeline,module.screen.Infos,module.screen.Passwds,moduleLoaderService]; parent: com.alibaba.citrus.springext.support.context.InheritableListableBeanFactory@54ee6d5d
2017-06-22 11:09:33,578 [localhost-startStop-1] INFO  alibaba.citrus.service.velocity.impl.Slf4jLogChute (Slf4jLogChute.java:76) - SpringResourceLoaderAdapter : initialization starting.
2017-06-22 11:09:33,579 [localhost-startStop-1] INFO  alibaba.citrus.service.velocity.impl.Slf4jLogChute (Slf4jLogChute.java:76) - SpringResourceLoaderAdapter : set path '/templates/personal/'
2017-06-22 11:09:33,580 [localhost-startStop-1] INFO  alibaba.citrus.service.velocity.impl.Slf4jLogChute (Slf4jLogChute.java:76) - SpringResourceLoaderAdapter : initialization complete.
2017-06-22 11:09:33,587 [localhost-startStop-1] INFO  alibaba.citrus.service.mappingrule.support.AbstractMappingRule (AbstractMappingRule.java:83) - Initialized extension.input:ExtensionMappingRule with cache disabled
2017-06-22 11:09:33,588 [localhost-startStop-1] INFO  alibaba.citrus.service.mappingrule.support.AbstractMappingRule (AbstractMappingRule.java:83) - Initialized extension.output:ExtensionMappingRule with cache disabled
2017-06-22 11:09:33,598 [localhost-startStop-1] INFO  alibaba.citrus.service.mappingrule.support.AbstractMappingRule (AbstractMappingRule.java:83) - Initialized action:DirectModuleMappingRule with cache disabled
2017-06-22 11:09:33,598 [localhost-startStop-1] INFO  alibaba.citrus.service.mappingrule.support.AbstractMappingRule (AbstractMappingRule.java:83) - Initialized screen.notemplate:DirectModuleMappingRule with cache disabled
2017-06-22 11:09:33,600 [localhost-startStop-1] INFO  alibaba.citrus.service.mappingrule.support.AbstractMappingRule (AbstractMappingRule.java:83) - Initialized screen:FallbackModuleMappingRule with cache enabled
2017-06-22 11:09:33,601 [localhost-startStop-1] INFO  alibaba.citrus.service.mappingrule.support.AbstractMappingRule (AbstractMappingRule.java:83) - Initialized screen.template:DirectTemplateMappingRule with cache disabled
2017-06-22 11:09:33,602 [localhost-startStop-1] INFO  alibaba.citrus.service.mappingrule.support.AbstractMappingRule (AbstractMappingRule.java:83) - Initialized layout.template:FallbackTemplateMappingRule with cache enabled
2017-06-22 11:09:33,602 [localhost-startStop-1] INFO  alibaba.citrus.service.mappingrule.support.AbstractMappingRule (AbstractMappingRule.java:83) - Initialized control.notemplate:DirectModuleMappingRule with cache disabled
2017-06-22 11:09:33,603 [localhost-startStop-1] INFO  alibaba.citrus.service.mappingrule.support.AbstractMappingRule (AbstractMappingRule.java:83) - Initialized control:FallbackModuleMappingRule with cache enabled
2017-06-22 11:09:33,604 [localhost-startStop-1] INFO  alibaba.citrus.service.mappingrule.support.AbstractMappingRule (AbstractMappingRule.java:83) - Initialized control.template:DirectTemplateMappingRule with cache disabled
2017-06-22 11:09:33,614 [localhost-startStop-1] INFO  alibaba.citrus.service.pull.impl.PullServiceImpl (PullServiceImpl.java:105) - Initialized pull service [key=PullService.pullService.2] with 16 pre-pulled tools, 9 pre-queued tools and 0 runtime tools
2017-06-22 11:09:33,649 [localhost-startStop-1] INFO  com.alibaba.citrus.webx.context.WebxComponentsLoader (WebxComponentsLoader.java:225) - Initializing Spring sub WebApplicationContext: sysmanage
2017-06-22 11:09:33,650 [localhost-startStop-1] INFO  org.springframework.context.support.AbstractApplicationContext (AbstractApplicationContext.java:411) - Refreshing com.alibaba.citrus.webx.context.WebxComponentContext@a14aa1c: display name [WebApplicationContext for namespace 'sysmanage']; startup date [Thu Jun 22 11:09:33 CST 2017]; parent: com.alibaba.citrus.webx.context.WebxComponentsContext@4a7b9c3a
2017-06-22 11:09:34,485 [localhost-startStop-1] INFO  org.springframework.beans.factory.xml.XmlBeanDefinitionReader (XmlBeanDefinitionReader.java:323) - Loading XML bean definitions from Resource[WEB-INF/webx-sysmanage.xml, loaded by ResourceLoadingService]
2017-06-22 11:09:34,801 [localhost-startStop-1] INFO  org.springframework.beans.factory.xml.XmlBeanDefinitionReader (XmlBeanDefinitionReader.java:323) - Loading XML bean definitions from Resource[WEB-INF/common/webx-component-and-root.xml, loaded by ResourceLoadingService]
2017-06-22 11:09:35,127 [localhost-startStop-1] INFO  org.springframework.beans.factory.xml.XmlBeanDefinitionReader (XmlBeanDefinitionReader.java:323) - Loading XML bean definitions from Resource[WEB-INF/common/webx-component.xml, loaded by ResourceLoadingService]
2017-06-22 11:09:35,452 [localhost-startStop-1] INFO  org.springframework.beans.factory.xml.XmlBeanDefinitionReader (XmlBeanDefinitionReader.java:323) - Loading XML bean definitions from Resource[WEB-INF/common/pipeline.xml, loaded by ResourceLoadingService]
2017-06-22 11:09:35,811 [localhost-startStop-1] INFO  org.springframework.context.support.AbstractApplicationContext (AbstractApplicationContext.java:426) - Bean factory for application context [com.alibaba.citrus.webx.context.WebxComponentContext@a14aa1c]: com.alibaba.citrus.springext.support.context.InheritableListableBeanFactory@6d505722
2017-06-22 11:09:35,821 [localhost-startStop-1] INFO  org.springframework.context.support.AbstractApplicationContext$BeanPostProcessorChecker (AbstractApplicationContext.java:1196) - Bean '(inner bean)' is not eligible for getting processed by all BeanPostProcessors (for example: not eligible for auto-proxying)
2017-06-22 11:09:35,824 [localhost-startStop-1] INFO  org.springframework.context.support.AbstractApplicationContext$BeanPostProcessorChecker (AbstractApplicationContext.java:1196) - Bean '(inner bean)#1' is not eligible for getting processed by all BeanPostProcessors (for example: not eligible for auto-proxying)
2017-06-22 11:09:35,825 [localhost-startStop-1] INFO  alibaba.citrus.service.configuration.support.PropertiesConfigurationSupport (PropertiesConfigurationSupport.java:79) - Application is running in Production Mode.
2017-06-22 11:09:35,825 [localhost-startStop-1] INFO  org.springframework.context.support.AbstractApplicationContext$BeanPostProcessorChecker (AbstractApplicationContext.java:1196) - Bean 'webxConfiguration' is not eligible for getting processed by all BeanPostProcessors (for example: not eligible for auto-proxying)
2017-06-22 11:09:35,826 [localhost-startStop-1] INFO  org.springframework.context.support.AbstractApplicationContext$BeanPostProcessorChecker (AbstractApplicationContext.java:1196) - Bean '(inner bean)' is not eligible for getting processed by all BeanPostProcessors (for example: not eligible for auto-proxying)
2017-06-22 11:09:35,828 [localhost-startStop-1] INFO  org.springframework.beans.factory.support.DefaultListableBeanFactory (DefaultListableBeanFactory.java:414) - Pre-instantiating singletons in com.alibaba.citrus.springext.support.context.InheritableListableBeanFactory@6d505722: defining beans [org.springframework.context.annotation.internalCommonAnnotationProcessor,org.springframework.context.annotation.internalAutowiredAnnotationProcessor,org.springframework.context.annotation.internalRequiredAnnotationProcessor,com.alibaba.citrus.service.configuration.support.PropertyPlaceholderConfigurer#0,templateService,mappingRuleService,dataResolverService,productionModeSensiblePostProcessor,webxConfiguration,pullService,pipeline,module.screen.Configs,module.screen.Privileges,module.screen.Userown,moduleLoaderService]; parent: com.alibaba.citrus.springext.support.context.InheritableListableBeanFactory@54ee6d5d
2017-06-22 11:09:35,834 [localhost-startStop-1] INFO  alibaba.citrus.service.velocity.impl.Slf4jLogChute (Slf4jLogChute.java:76) - SpringResourceLoaderAdapter : initialization starting.
2017-06-22 11:09:35,834 [localhost-startStop-1] INFO  alibaba.citrus.service.velocity.impl.Slf4jLogChute (Slf4jLogChute.java:76) - SpringResourceLoaderAdapter : set path '/templates/sysmanage/'
2017-06-22 11:09:35,835 [localhost-startStop-1] INFO  alibaba.citrus.service.velocity.impl.Slf4jLogChute (Slf4jLogChute.java:76) - SpringResourceLoaderAdapter : initialization complete.
2017-06-22 11:09:35,841 [localhost-startStop-1] INFO  alibaba.citrus.service.mappingrule.support.AbstractMappingRule (AbstractMappingRule.java:83) - Initialized extension.input:ExtensionMappingRule with cache disabled
2017-06-22 11:09:35,842 [localhost-startStop-1] INFO  alibaba.citrus.service.mappingrule.support.AbstractMappingRule (AbstractMappingRule.java:83) - Initialized extension.output:ExtensionMappingRule with cache disabled
2017-06-22 11:09:35,853 [localhost-startStop-1] INFO  alibaba.citrus.service.mappingrule.support.AbstractMappingRule (AbstractMappingRule.java:83) - Initialized action:DirectModuleMappingRule with cache disabled
2017-06-22 11:09:35,854 [localhost-startStop-1] INFO  alibaba.citrus.service.mappingrule.support.AbstractMappingRule (AbstractMappingRule.java:83) - Initialized screen.notemplate:DirectModuleMappingRule with cache disabled
2017-06-22 11:09:35,855 [localhost-startStop-1] INFO  alibaba.citrus.service.mappingrule.support.AbstractMappingRule (AbstractMappingRule.java:83) - Initialized screen:FallbackModuleMappingRule with cache enabled
2017-06-22 11:09:35,856 [localhost-startStop-1] INFO  alibaba.citrus.service.mappingrule.support.AbstractMappingRule (AbstractMappingRule.java:83) - Initialized screen.template:DirectTemplateMappingRule with cache disabled
2017-06-22 11:09:35,858 [localhost-startStop-1] INFO  alibaba.citrus.service.mappingrule.support.AbstractMappingRule (AbstractMappingRule.java:83) - Initialized layout.template:FallbackTemplateMappingRule with cache enabled
2017-06-22 11:09:35,859 [localhost-startStop-1] INFO  alibaba.citrus.service.mappingrule.support.AbstractMappingRule (AbstractMappingRule.java:83) - Initialized control.notemplate:DirectModuleMappingRule with cache disabled
2017-06-22 11:09:35,859 [localhost-startStop-1] INFO  alibaba.citrus.service.mappingrule.support.AbstractMappingRule (AbstractMappingRule.java:83) - Initialized control:FallbackModuleMappingRule with cache enabled
2017-06-22 11:09:35,860 [localhost-startStop-1] INFO  alibaba.citrus.service.mappingrule.support.AbstractMappingRule (AbstractMappingRule.java:83) - Initialized control.template:DirectTemplateMappingRule with cache disabled
2017-06-22 11:09:35,869 [localhost-startStop-1] INFO  alibaba.citrus.service.pull.impl.PullServiceImpl (PullServiceImpl.java:105) - Initialized pull service [key=PullService.pullService.3] with 16 pre-pulled tools, 9 pre-queued tools and 0 runtime tools
2017-06-22 11:09:35,901 [localhost-startStop-1] INFO  com.alibaba.citrus.webx.context.WebxComponentsLoader (WebxComponentsLoader.java:225) - Initializing Spring sub WebApplicationContext: sysinfo
2017-06-22 11:09:35,902 [localhost-startStop-1] INFO  org.springframework.context.support.AbstractApplicationContext (AbstractApplicationContext.java:411) - Refreshing com.alibaba.citrus.webx.context.WebxComponentContext@236ff079: display name [WebApplicationContext for namespace 'sysinfo']; startup date [Thu Jun 22 11:09:35 CST 2017]; parent: com.alibaba.citrus.webx.context.WebxComponentsContext@4a7b9c3a
2017-06-22 11:09:36,692 [localhost-startStop-1] INFO  org.springframework.beans.factory.xml.XmlBeanDefinitionReader (XmlBeanDefinitionReader.java:323) - Loading XML bean definitions from Resource[WEB-INF/webx-sysinfo.xml, loaded by ResourceLoadingService]
2017-06-22 11:09:36,973 [localhost-startStop-1] INFO  org.springframework.beans.factory.xml.XmlBeanDefinitionReader (XmlBeanDefinitionReader.java:323) - Loading XML bean definitions from Resource[WEB-INF/common/webx-component-and-root.xml, loaded by ResourceLoadingService]
2017-06-22 11:09:38,087 [localhost-startStop-1] INFO  org.springframework.beans.factory.xml.XmlBeanDefinitionReader (XmlBeanDefinitionReader.java:323) - Loading XML bean definitions from Resource[WEB-INF/common/webx-component.xml, loaded by ResourceLoadingService]
2017-06-22 11:09:38,464 [localhost-startStop-1] INFO  org.springframework.beans.factory.xml.XmlBeanDefinitionReader (XmlBeanDefinitionReader.java:323) - Loading XML bean definitions from Resource[WEB-INF/common/pipeline.xml, loaded by ResourceLoadingService]
2017-06-22 11:09:38,787 [localhost-startStop-1] INFO  org.springframework.context.support.AbstractApplicationContext (AbstractApplicationContext.java:426) - Bean factory for application context [com.alibaba.citrus.webx.context.WebxComponentContext@236ff079]: com.alibaba.citrus.springext.support.context.InheritableListableBeanFactory@314f47cf
2017-06-22 11:09:38,797 [localhost-startStop-1] INFO  org.springframework.context.support.AbstractApplicationContext$BeanPostProcessorChecker (AbstractApplicationContext.java:1196) - Bean '(inner bean)' is not eligible for getting processed by all BeanPostProcessors (for example: not eligible for auto-proxying)
2017-06-22 11:09:38,799 [localhost-startStop-1] INFO  org.springframework.context.support.AbstractApplicationContext$BeanPostProcessorChecker (AbstractApplicationContext.java:1196) - Bean '(inner bean)#1' is not eligible for getting processed by all BeanPostProcessors (for example: not eligible for auto-proxying)
2017-06-22 11:09:38,800 [localhost-startStop-1] INFO  alibaba.citrus.service.configuration.support.PropertiesConfigurationSupport (PropertiesConfigurationSupport.java:79) - Application is running in Production Mode.
2017-06-22 11:09:38,801 [localhost-startStop-1] INFO  org.springframework.context.support.AbstractApplicationContext$BeanPostProcessorChecker (AbstractApplicationContext.java:1196) - Bean 'webxConfiguration' is not eligible for getting processed by all BeanPostProcessors (for example: not eligible for auto-proxying)
2017-06-22 11:09:38,802 [localhost-startStop-1] INFO  org.springframework.context.support.AbstractApplicationContext$BeanPostProcessorChecker (AbstractApplicationContext.java:1196) - Bean '(inner bean)' is not eligible for getting processed by all BeanPostProcessors (for example: not eligible for auto-proxying)
2017-06-22 11:09:38,803 [localhost-startStop-1] INFO  org.springframework.beans.factory.support.DefaultListableBeanFactory (DefaultListableBeanFactory.java:414) - Pre-instantiating singletons in com.alibaba.citrus.springext.support.context.InheritableListableBeanFactory@314f47cf: defining beans [org.springframework.context.annotation.internalCommonAnnotationProcessor,org.springframework.context.annotation.internalAutowiredAnnotationProcessor,org.springframework.context.annotation.internalRequiredAnnotationProcessor,com.alibaba.citrus.service.configuration.support.PropertyPlaceholderConfigurer#0,templateService,mappingRuleService,dataResolverService,productionModeSensiblePostProcessor,webxConfiguration,pullService,pipeline,module.screen.Dump,module.screen.Dumps,module.screen.Envs,module.screen.Logs,module.screen.Statuses,module.screen.Versions,moduleLoaderService]; parent: com.alibaba.citrus.springext.support.context.InheritableListableBeanFactory@54ee6d5d
2017-06-22 11:09:38,810 [localhost-startStop-1] INFO  alibaba.citrus.service.velocity.impl.Slf4jLogChute (Slf4jLogChute.java:76) - SpringResourceLoaderAdapter : initialization starting.
2017-06-22 11:09:38,810 [localhost-startStop-1] INFO  alibaba.citrus.service.velocity.impl.Slf4jLogChute (Slf4jLogChute.java:76) - SpringResourceLoaderAdapter : set path '/templates/sysinfo/'
2017-06-22 11:09:38,811 [localhost-startStop-1] INFO  alibaba.citrus.service.velocity.impl.Slf4jLogChute (Slf4jLogChute.java:76) - SpringResourceLoaderAdapter : initialization complete.
2017-06-22 11:09:38,816 [localhost-startStop-1] INFO  alibaba.citrus.service.mappingrule.support.AbstractMappingRule (AbstractMappingRule.java:83) - Initialized extension.input:ExtensionMappingRule with cache disabled
2017-06-22 11:09:38,817 [localhost-startStop-1] INFO  alibaba.citrus.service.mappingrule.support.AbstractMappingRule (AbstractMappingRule.java:83) - Initialized extension.output:ExtensionMappingRule with cache disabled
2017-06-22 11:09:38,827 [localhost-startStop-1] INFO  alibaba.citrus.service.mappingrule.support.AbstractMappingRule (AbstractMappingRule.java:83) - Initialized action:DirectModuleMappingRule with cache disabled
2017-06-22 11:09:38,828 [localhost-startStop-1] INFO  alibaba.citrus.service.mappingrule.support.AbstractMappingRule (AbstractMappingRule.java:83) - Initialized screen.notemplate:DirectModuleMappingRule with cache disabled
2017-06-22 11:09:38,829 [localhost-startStop-1] INFO  alibaba.citrus.service.mappingrule.support.AbstractMappingRule (AbstractMappingRule.java:83) - Initialized screen:FallbackModuleMappingRule with cache enabled
2017-06-22 11:09:38,830 [localhost-startStop-1] INFO  alibaba.citrus.service.mappingrule.support.AbstractMappingRule (AbstractMappingRule.java:83) - Initialized screen.template:DirectTemplateMappingRule with cache disabled
2017-06-22 11:09:38,831 [localhost-startStop-1] INFO  alibaba.citrus.service.mappingrule.support.AbstractMappingRule (AbstractMappingRule.java:83) - Initialized layout.template:FallbackTemplateMappingRule with cache enabled
2017-06-22 11:09:38,832 [localhost-startStop-1] INFO  alibaba.citrus.service.mappingrule.support.AbstractMappingRule (AbstractMappingRule.java:83) - Initialized control.notemplate:DirectModuleMappingRule with cache disabled
2017-06-22 11:09:38,833 [localhost-startStop-1] INFO  alibaba.citrus.service.mappingrule.support.AbstractMappingRule (AbstractMappingRule.java:83) - Initialized control:FallbackModuleMappingRule with cache enabled
2017-06-22 11:09:38,834 [localhost-startStop-1] INFO  alibaba.citrus.service.mappingrule.support.AbstractMappingRule (AbstractMappingRule.java:83) - Initialized control.template:DirectTemplateMappingRule with cache disabled
2017-06-22 11:09:38,841 [localhost-startStop-1] INFO  alibaba.citrus.service.pull.impl.PullServiceImpl (PullServiceImpl.java:105) - Initialized pull service [key=PullService.pullService.4] with 16 pre-pulled tools, 9 pre-queued tools and 0 runtime tools
2017-06-22 11:09:38,890 [localhost-startStop-1] INFO  com.alibaba.citrus.webx.context.WebxComponentsLoader (WebxComponentsLoader.java:225) - Initializing Spring sub WebApplicationContext: governance
2017-06-22 11:09:38,890 [localhost-startStop-1] INFO  org.springframework.context.support.AbstractApplicationContext (AbstractApplicationContext.java:411) - Refreshing com.alibaba.citrus.webx.context.WebxComponentContext@107af885: display name [WebApplicationContext for namespace 'governance']; startup date [Thu Jun 22 11:09:38 CST 2017]; parent: com.alibaba.citrus.webx.context.WebxComponentsContext@4a7b9c3a
2017-06-22 11:09:39,676 [localhost-startStop-1] INFO  org.springframework.beans.factory.xml.XmlBeanDefinitionReader (XmlBeanDefinitionReader.java:323) - Loading XML bean definitions from Resource[WEB-INF/webx-governance.xml, loaded by ResourceLoadingService]
2017-06-22 11:09:39,974 [localhost-startStop-1] INFO  org.springframework.beans.factory.xml.XmlBeanDefinitionReader (XmlBeanDefinitionReader.java:323) - Loading XML bean definitions from Resource[WEB-INF/common/webx-component-and-root.xml, loaded by ResourceLoadingService]
2017-06-22 11:09:40,329 [localhost-startStop-1] INFO  org.springframework.beans.factory.xml.XmlBeanDefinitionReader (XmlBeanDefinitionReader.java:323) - Loading XML bean definitions from Resource[WEB-INF/common/webx-component.xml, loaded by ResourceLoadingService]
2017-06-22 11:09:40,624 [localhost-startStop-1] INFO  org.springframework.beans.factory.xml.XmlBeanDefinitionReader (XmlBeanDefinitionReader.java:323) - Loading XML bean definitions from Resource[WEB-INF/common/pipeline.xml, loaded by ResourceLoadingService]
2017-06-22 11:09:41,026 [localhost-startStop-1] INFO  org.springframework.context.support.AbstractApplicationContext (AbstractApplicationContext.java:426) - Bean factory for application context [com.alibaba.citrus.webx.context.WebxComponentContext@107af885]: com.alibaba.citrus.springext.support.context.InheritableListableBeanFactory@1d2fa517
2017-06-22 11:09:41,053 [localhost-startStop-1] INFO  org.springframework.context.support.AbstractApplicationContext$BeanPostProcessorChecker (AbstractApplicationContext.java:1196) - Bean '(inner bean)' is not eligible for getting processed by all BeanPostProcessors (for example: not eligible for auto-proxying)
2017-06-22 11:09:41,057 [localhost-startStop-1] INFO  org.springframework.context.support.AbstractApplicationContext$BeanPostProcessorChecker (AbstractApplicationContext.java:1196) - Bean '(inner bean)#1' is not eligible for getting processed by all BeanPostProcessors (for example: not eligible for auto-proxying)
2017-06-22 11:09:41,059 [localhost-startStop-1] INFO  alibaba.citrus.service.configuration.support.PropertiesConfigurationSupport (PropertiesConfigurationSupport.java:79) - Application is running in Production Mode.
2017-06-22 11:09:41,060 [localhost-startStop-1] INFO  org.springframework.context.support.AbstractApplicationContext$BeanPostProcessorChecker (AbstractApplicationContext.java:1196) - Bean 'webxConfiguration' is not eligible for getting processed by all BeanPostProcessors (for example: not eligible for auto-proxying)
2017-06-22 11:09:41,061 [localhost-startStop-1] INFO  org.springframework.context.support.AbstractApplicationContext$BeanPostProcessorChecker (AbstractApplicationContext.java:1196) - Bean '(inner bean)' is not eligible for getting processed by all BeanPostProcessors (for example: not eligible for auto-proxying)
2017-06-22 11:09:41,063 [localhost-startStop-1] INFO  org.springframework.beans.factory.support.DefaultListableBeanFactory (DefaultListableBeanFactory.java:414) - Pre-instantiating singletons in com.alibaba.citrus.springext.support.context.InheritableListableBeanFactory@1d2fa517: defining beans [org.springframework.context.annotation.internalCommonAnnotationProcessor,org.springframework.context.annotation.internalAutowiredAnnotationProcessor,org.springframework.context.annotation.internalRequiredAnnotationProcessor,com.alibaba.citrus.service.configuration.support.PropertyPlaceholderConfigurer#0,pullService,templateService,mappingRuleService,dataResolverService,productionModeSensiblePostProcessor,webxConfiguration,pullService#0,pipeline,module.screen.Accesses,module.screen.Addresses,module.screen.Applications,module.screen.Consumers,module.screen.Loadbalances,module.screen.NoServicePrivilege,module.screen.Overrides,module.screen.Owners,module.screen.Providers,module.screen.Routes,module.screen.Services,module.screen.Weights,moduleLoaderService]; parent: com.alibaba.citrus.springext.support.context.InheritableListableBeanFactory@54ee6d5d
2017-06-22 11:09:41,071 [localhost-startStop-1] INFO  alibaba.citrus.service.pull.impl.PullServiceImpl (PullServiceImpl.java:105) - Initialized pull service [key=PullService.pullService.5] with 1 pre-pulled tools, 2 pre-queued tools and 0 runtime tools
2017-06-22 11:09:41,078 [localhost-startStop-1] INFO  alibaba.citrus.service.velocity.impl.Slf4jLogChute (Slf4jLogChute.java:76) - SpringResourceLoaderAdapter : initialization starting.
2017-06-22 11:09:41,079 [localhost-startStop-1] INFO  alibaba.citrus.service.velocity.impl.Slf4jLogChute (Slf4jLogChute.java:76) - SpringResourceLoaderAdapter : set path '/templates/governance/'
2017-06-22 11:09:41,079 [localhost-startStop-1] INFO  alibaba.citrus.service.velocity.impl.Slf4jLogChute (Slf4jLogChute.java:76) - SpringResourceLoaderAdapter : initialization complete.
2017-06-22 11:09:41,087 [localhost-startStop-1] INFO  alibaba.citrus.service.mappingrule.support.AbstractMappingRule (AbstractMappingRule.java:83) - Initialized extension.input:ExtensionMappingRule with cache disabled
2017-06-22 11:09:41,089 [localhost-startStop-1] INFO  alibaba.citrus.service.mappingrule.support.AbstractMappingRule (AbstractMappingRule.java:83) - Initialized extension.output:ExtensionMappingRule with cache disabled
2017-06-22 11:09:41,106 [localhost-startStop-1] INFO  alibaba.citrus.service.mappingrule.support.AbstractMappingRule (AbstractMappingRule.java:83) - Initialized action:DirectModuleMappingRule with cache disabled
2017-06-22 11:09:41,107 [localhost-startStop-1] INFO  alibaba.citrus.service.mappingrule.support.AbstractMappingRule (AbstractMappingRule.java:83) - Initialized screen.notemplate:DirectModuleMappingRule with cache disabled
2017-06-22 11:09:41,110 [localhost-startStop-1] INFO  alibaba.citrus.service.mappingrule.support.AbstractMappingRule (AbstractMappingRule.java:83) - Initialized screen:FallbackModuleMappingRule with cache enabled
2017-06-22 11:09:41,113 [localhost-startStop-1] INFO  alibaba.citrus.service.mappingrule.support.AbstractMappingRule (AbstractMappingRule.java:83) - Initialized screen.template:DirectTemplateMappingRule with cache disabled
2017-06-22 11:09:41,116 [localhost-startStop-1] INFO  alibaba.citrus.service.mappingrule.support.AbstractMappingRule (AbstractMappingRule.java:83) - Initialized layout.template:FallbackTemplateMappingRule with cache enabled
2017-06-22 11:09:41,118 [localhost-startStop-1] INFO  alibaba.citrus.service.mappingrule.support.AbstractMappingRule (AbstractMappingRule.java:83) - Initialized control.notemplate:DirectModuleMappingRule with cache disabled
2017-06-22 11:09:41,119 [localhost-startStop-1] INFO  alibaba.citrus.service.mappingrule.support.AbstractMappingRule (AbstractMappingRule.java:83) - Initialized control:FallbackModuleMappingRule with cache enabled
2017-06-22 11:09:41,120 [localhost-startStop-1] INFO  alibaba.citrus.service.mappingrule.support.AbstractMappingRule (AbstractMappingRule.java:83) - Initialized control.template:DirectTemplateMappingRule with cache disabled
2017-06-22 11:09:41,128 [localhost-startStop-1] INFO  alibaba.citrus.service.pull.impl.PullServiceImpl (PullServiceImpl.java:105) - Initialized pull service [key=PullService.pullService#0.6] with 16 pre-pulled tools, 9 pre-queued tools and 0 runtime tools
2017-06-22 11:09:41,256 [localhost-startStop-1] INFO  com.alibaba.citrus.webx.context.WebxComponentsLoader (WebxComponentsLoader.java:225) - WebxComponents: initialization completed
2017-06-22 11:09:41,257 [localhost-startStop-1] INFO  org.springframework.web.context.ContextLoader (ContextLoader.java:209) - Root WebApplicationContext: initialization completed in 25632 ms
2017-06-22 11:09:41,259 [localhost-startStop-1] INFO  com.alibaba.citrus.webx.servlet.FilterBean (FilterBean.java:104) - Initializing filter: mdc
2017-06-22 11:09:41,262 [localhost-startStop-1] INFO  com.alibaba.citrus.webx.servlet.FilterBean (FilterBean.java:104) - SetLoggingContextFilter - mdc: initialization completed
2017-06-22 11:09:41,264 [localhost-startStop-1] INFO  com.alibaba.citrus.webx.servlet.FilterBean (FilterBean.java:104) - Initializing filter: webx
2017-06-22 11:09:41,273 [localhost-startStop-1] INFO  com.alibaba.citrus.webx.servlet.FilterBean (FilterBean.java:104) - WebxFrameworkFilter - webx: initialization completed
